<?xml version="1.0" encoding="UTF-8"?>
<coverage generated="1768554342107" clover="3.2.0">
  <project timestamp="1768554342107" name="All files">
    <metrics statements="313" coveredstatements="243" conditionals="119" coveredconditionals="88" methods="120" coveredmethods="89" elements="552" coveredelements="420" complexity="0" loc="313" ncloc="313" packages="16" files="31" classes="31"/>
    <package name=".storybook">
      <metrics statements="1" coveredstatements="1" conditionals="0" coveredconditionals="0" methods="0" coveredmethods="0"/>
      <file name="preview.ts" path="C:\Users\rodne\FRONT_END REACT PORTFOLIO WEBSITE\portfolio\.storybook\preview.ts">
        <metrics statements="1" coveredstatements="1" conditionals="0" coveredconditionals="0" methods="0" coveredmethods="0"/>
        <line num="7" count="9" type="stmt"/>
      </file>
    </package>
    <package name="src.app">
      <metrics statements="9" coveredstatements="8" conditionals="2" coveredconditionals="1" methods="5" coveredmethods="5"/>
      <file name="hooks.ts" path="C:\Users\rodne\FRONT_END REACT PORTFOLIO WEBSITE\portfolio\src\app\hooks.ts">
        <metrics statements="9" coveredstatements="8" conditionals="2" coveredconditionals="1" methods="5" coveredmethods="5"/>
        <line num="1" count="1" type="stmt"/>
        <line num="7" count="81" type="stmt"/>
        <line num="8" count="4" type="stmt"/>
        <line num="10" count="4" type="stmt"/>
        <line num="11" count="2" type="stmt"/>
        <line num="13" count="1" type="stmt"/>
        <line num="14" count="1" type="cond" truecount="1" falsecount="1"/>
        <line num="15" count="0" type="stmt"/>
        <line num="17" count="1" type="stmt"/>
      </file>
    </package>
    <package name="src.components.common">
      <metrics statements="13" coveredstatements="8" conditionals="4" coveredconditionals="3" methods="5" coveredmethods="3"/>
      <file name="ErrorBoundary.tsx" path="C:\Users\rodne\FRONT_END REACT PORTFOLIO WEBSITE\portfolio\src\components\common\ErrorBoundary.tsx">
        <metrics statements="10" coveredstatements="5" conditionals="4" coveredconditionals="3" methods="4" coveredmethods="2"/>
        <line num="1" count="1" type="stmt"/>
        <line num="13" count="2" type="stmt"/>
        <line num="18" count="0" type="stmt"/>
        <line num="22" count="0" type="stmt"/>
        <line num="25" count="0" type="stmt"/>
        <line num="26" count="0" type="stmt"/>
        <line num="30" count="2" type="cond" truecount="3" falsecount="1"/>
        <line num="31" count="2" type="stmt"/>
        <line num="33" count="1" type="stmt"/>
        <line num="42" count="0" type="stmt"/>
      </file>
      <file name="FullPageLoader.tsx" path="C:\Users\rodne\FRONT_END REACT PORTFOLIO WEBSITE\portfolio\src\components\common\FullPageLoader.tsx">
        <metrics statements="3" coveredstatements="3" conditionals="0" coveredconditionals="0" methods="1" coveredmethods="1"/>
        <line num="1" count="1" type="stmt"/>
        <line num="2" count="3" type="stmt"/>
        <line num="3" count="1" type="stmt"/>
      </file>
    </package>
    <package name="src.components.home">
      <metrics statements="6" coveredstatements="6" conditionals="0" coveredconditionals="0" methods="3" coveredmethods="3"/>
      <file name="HeroButtons.tsx" path="C:\Users\rodne\FRONT_END REACT PORTFOLIO WEBSITE\portfolio\src\components\home\HeroButtons.tsx">
        <metrics statements="2" coveredstatements="2" conditionals="0" coveredconditionals="0" methods="1" coveredmethods="1"/>
        <line num="5" count="1" type="stmt"/>
        <line num="6" count="1" type="stmt"/>
      </file>
      <file name="HomeHero.module.css" path="C:\Users\rodne\FRONT_END REACT PORTFOLIO WEBSITE\portfolio\src\components\home\HomeHero.module.css">
        <metrics statements="0" coveredstatements="0" conditionals="0" coveredconditionals="0" methods="0" coveredmethods="0"/>
      </file>
      <file name="HomeHero.tsx" path="C:\Users\rodne\FRONT_END REACT PORTFOLIO WEBSITE\portfolio\src\components\home\HomeHero.tsx">
        <metrics statements="2" coveredstatements="2" conditionals="0" coveredconditionals="0" methods="1" coveredmethods="1"/>
        <line num="5" count="1" type="stmt"/>
        <line num="6" count="1" type="stmt"/>
      </file>
      <file name="VideoBubble.tsx" path="C:\Users\rodne\FRONT_END REACT PORTFOLIO WEBSITE\portfolio\src\components\home\VideoBubble.tsx">
        <metrics statements="2" coveredstatements="2" conditionals="0" coveredconditionals="0" methods="1" coveredmethods="1"/>
        <line num="3" count="1" type="stmt"/>
        <line num="4" count="1" type="stmt"/>
      </file>
    </package>
    <package name="src.components.layout">
      <metrics statements="17" coveredstatements="15" conditionals="4" coveredconditionals="3" methods="8" coveredmethods="5"/>
      <file name="AppLayout.tsx" path="C:\Users\rodne\FRONT_END REACT PORTFOLIO WEBSITE\portfolio\src\components\layout\AppLayout.tsx">
        <metrics statements="4" coveredstatements="4" conditionals="0" coveredconditionals="0" methods="2" coveredmethods="2"/>
        <line num="7" count="1" type="stmt"/>
        <line num="9" count="1" type="stmt"/>
        <line num="10" count="1" type="stmt"/>
        <line num="12" count="1" type="stmt"/>
      </file>
      <file name="Navbar.tsx" path="C:\Users\rodne\FRONT_END REACT PORTFOLIO WEBSITE\portfolio\src\components\layout\Navbar.tsx">
        <metrics statements="13" coveredstatements="11" conditionals="4" coveredconditionals="3" methods="6" coveredmethods="3"/>
        <line num="1" count="1" type="stmt"/>
        <line num="7" count="2" type="stmt"/>
        <line num="8" count="16" type="cond" truecount="2" falsecount="0"/>
        <line num="10" count="2" type="stmt"/>
        <line num="11" count="3" type="stmt"/>
        <line num="12" count="3" type="stmt"/>
        <line num="14" count="3" type="stmt"/>
        <line num="15" count="0" type="stmt"/>
        <line num="18" count="3" type="stmt"/>
        <line num="19" count="1" type="stmt"/>
        <line num="22" count="3" type="stmt"/>
        <line num="24" count="2" type="stmt"/>
        <line num="58" count="0" type="stmt"/>
      </file>
    </package>
    <package name="src.data">
      <metrics statements="0" coveredstatements="0" conditionals="0" coveredconditionals="0" methods="0" coveredmethods="0"/>
      <file name="projects.json" path="C:\Users\rodne\FRONT_END REACT PORTFOLIO WEBSITE\portfolio\src\data\projects.json">
        <metrics statements="0" coveredstatements="0" conditionals="0" coveredconditionals="0" methods="0" coveredmethods="0"/>
      </file>
    </package>
    <package name="src.features.contact">
      <metrics statements="43" coveredstatements="32" conditionals="12" coveredconditionals="9" methods="11" coveredmethods="8"/>
      <file name="contactSlice.ts" path="C:\Users\rodne\FRONT_END REACT PORTFOLIO WEBSITE\portfolio\src\features\contact\contactSlice.ts">
        <metrics statements="43" coveredstatements="32" conditionals="12" coveredconditionals="9" methods="11" coveredmethods="8"/>
        <line num="17" count="12" type="stmt"/>
        <line num="24" count="12" type="stmt"/>
        <line num="31" count="12" type="stmt"/>
        <line num="33" count="12" type="stmt"/>
        <line num="34" count="4" type="stmt"/>
        <line num="36" count="4" type="cond" truecount="2" falsecount="0"/>
        <line num="37" count="2" type="stmt"/>
        <line num="40" count="4" type="cond" truecount="2" falsecount="0"/>
        <line num="41" count="2" type="stmt"/>
        <line num="44" count="4" type="cond" truecount="2" falsecount="0"/>
        <line num="45" count="2" type="stmt"/>
        <line num="48" count="4" type="cond" truecount="2" falsecount="0"/>
        <line num="49" count="2" type="stmt"/>
        <line num="52" count="4" type="stmt"/>
        <line num="55" count="12" type="stmt"/>
        <line num="58" count="1" type="stmt"/>
        <line num="59" count="1" type="stmt"/>
        <line num="60" count="1" type="stmt"/>
        <line num="61" count="1" type="stmt"/>
        <line num="63" count="0" type="stmt"/>
        <line num="68" count="12" type="stmt"/>
        <line num="75" count="12" type="stmt"/>
        <line num="80" count="61" type="stmt"/>
        <line num="81" count="61" type="stmt"/>
        <line num="82" count="61" type="stmt"/>
        <line num="83" count="61" type="cond" truecount="1" falsecount="1"/>
        <line num="84" count="0" type="stmt"/>
        <line num="85" count="0" type="stmt"/>
        <line num="89" count="2" type="stmt"/>
        <line num="92" count="0" type="stmt"/>
        <line num="93" count="0" type="stmt"/>
        <line num="94" count="0" type="stmt"/>
        <line num="95" count="0" type="stmt"/>
        <line num="98" count="0" type="stmt"/>
        <line num="99" count="0" type="stmt"/>
        <line num="103" count="12" type="stmt"/>
        <line num="105" count="1" type="stmt"/>
        <line num="106" count="1" type="stmt"/>
        <line num="109" count="1" type="stmt"/>
        <line num="110" count="1" type="stmt"/>
        <line num="113" count="0" type="stmt"/>
        <line num="114" count="0" type="cond" truecount="0" falsecount="2"/>
        <line num="119" count="12" type="stmt"/>
      </file>
    </package>
    <package name="src.features.contact.components">
      <metrics statements="32" coveredstatements="30" conditionals="30" coveredconditionals="26" methods="10" coveredmethods="9"/>
      <file name="ContactForm.tsx" path="C:\Users\rodne\FRONT_END REACT PORTFOLIO WEBSITE\portfolio\src\features\contact\components\ContactForm.tsx">
        <metrics statements="21" coveredstatements="19" conditionals="12" coveredconditionals="8" methods="6" coveredmethods="5"/>
        <line num="16" count="1" type="stmt"/>
        <line num="17" count="65" type="stmt"/>
        <line num="18" count="131" type="stmt"/>
        <line num="20" count="65" type="stmt"/>
        <line num="21" count="61" type="stmt"/>
        <line num="24" count="65" type="stmt"/>
        <line num="25" count="2" type="cond" truecount="1" falsecount="1"/>
        <line num="26" count="0" type="stmt"/>
        <line num="28" count="2" type="stmt"/>
        <line num="29" count="2" type="stmt"/>
        <line num="30" count="2" type="stmt"/>
        <line num="31" count="2" type="cond" truecount="2" falsecount="0"/>
        <line num="32" count="1" type="stmt"/>
        <line num="34" count="1" type="stmt"/>
        <line num="37" count="65" type="stmt"/>
        <line num="38" count="2" type="stmt"/>
        <line num="39" count="2" type="stmt"/>
        <line num="42" count="65" type="cond" truecount="2" falsecount="0"/>
        <line num="43" count="1" type="stmt"/>
        <line num="46" count="0" type="stmt"/>
        <line num="53" count="64" type="stmt"/>
      </file>
      <file name="FormField.tsx" path="C:\Users\rodne\FRONT_END REACT PORTFOLIO WEBSITE\portfolio\src\features\contact\components\FormField.tsx">
        <metrics statements="6" coveredstatements="6" conditionals="10" coveredconditionals="10" methods="3" coveredmethods="3"/>
        <line num="15" count="2" type="stmt"/>
        <line num="26" count="261" type="cond" truecount="2" falsecount="0"/>
        <line num="28" count="261" type="stmt"/>
        <line num="30" count="257" type="stmt"/>
        <line num="36" count="35" type="stmt"/>
        <line num="46" count="26" type="stmt"/>
      </file>
      <file name="StatusBanner.tsx" path="C:\Users\rodne\FRONT_END REACT PORTFOLIO WEBSITE\portfolio\src\features\contact\components\StatusBanner.tsx">
        <metrics statements="5" coveredstatements="5" conditionals="8" coveredconditionals="8" methods="1" coveredmethods="1"/>
        <line num="8" count="2" type="stmt"/>
        <line num="9" count="4" type="cond" truecount="2" falsecount="0"/>
        <line num="10" count="4" type="cond" truecount="2" falsecount="0"/>
        <line num="12" count="4" type="stmt"/>
        <line num="14" count="2" type="stmt"/>
      </file>
    </package>
    <package name="src.features.projects">
      <metrics statements="44" coveredstatements="24" conditionals="10" coveredconditionals="6" methods="21" coveredmethods="9"/>
      <file name="projectsSlice.ts" path="C:\Users\rodne\FRONT_END REACT PORTFOLIO WEBSITE\portfolio\src\features\projects\projectsSlice.ts">
        <metrics statements="25" coveredstatements="8" conditionals="2" coveredconditionals="0" methods="11" coveredmethods="3"/>
        <line num="19" count="12" type="stmt"/>
        <line num="20" count="0" type="stmt"/>
        <line num="21" count="0" type="stmt"/>
        <line num="24" count="12" type="stmt"/>
        <line num="27" count="0" type="stmt"/>
        <line num="28" count="0" type="stmt"/>
        <line num="29" count="0" type="stmt"/>
        <line num="30" count="0" type="stmt"/>
        <line num="32" count="0" type="stmt"/>
        <line num="37" count="12" type="stmt"/>
        <line num="48" count="12" type="stmt"/>
        <line num="53" count="1" type="stmt"/>
        <line num="56" count="1" type="stmt"/>
        <line num="59" count="0" type="stmt"/>
        <line num="62" count="0" type="stmt"/>
        <line num="63" count="0" type="stmt"/>
        <line num="64" count="0" type="stmt"/>
        <line num="68" count="12" type="stmt"/>
        <line num="70" count="0" type="stmt"/>
        <line num="71" count="0" type="stmt"/>
        <line num="74" count="0" type="stmt"/>
        <line num="75" count="0" type="stmt"/>
        <line num="78" count="0" type="stmt"/>
        <line num="79" count="0" type="cond" truecount="0" falsecount="2"/>
        <line num="84" count="12" type="stmt"/>
      </file>
      <file name="selectors.ts" path="C:\Users\rodne\FRONT_END REACT PORTFOLIO WEBSITE\portfolio\src\features\projects\selectors.ts">
        <metrics statements="19" coveredstatements="16" conditionals="8" coveredconditionals="6" methods="10" coveredmethods="6"/>
        <line num="6" count="6" type="stmt"/>
        <line num="9" count="2" type="stmt"/>
        <line num="10" count="0" type="stmt"/>
        <line num="11" count="0" type="stmt"/>
        <line num="13" count="6" type="stmt"/>
        <line num="15" count="2" type="stmt"/>
        <line num="18" count="4" type="stmt"/>
        <line num="20" count="4" type="stmt"/>
        <line num="22" count="4" type="cond" truecount="2" falsecount="0"/>
        <line num="23" count="6" type="stmt"/>
        <line num="26" count="4" type="cond" truecount="2" falsecount="0"/>
        <line num="27" count="1" type="stmt"/>
        <line num="28" count="2" type="stmt"/>
        <line num="31" count="2" type="stmt"/>
        <line num="35" count="4" type="stmt"/>
        <line num="36" count="4" type="cond" truecount="1" falsecount="1"/>
        <line num="37" count="4" type="cond" truecount="1" falsecount="1"/>
        <line num="39" count="0" type="stmt"/>
        <line num="42" count="4" type="stmt"/>
      </file>
    </package>
    <package name="src.features.projects.components">
      <metrics statements="47" coveredstatements="39" conditionals="24" coveredconditionals="16" methods="19" coveredmethods="16"/>
      <file name="FilterPills.tsx" path="C:\Users\rodne\FRONT_END REACT PORTFOLIO WEBSITE\portfolio\src\features\projects\components\FilterPills.tsx">
        <metrics statements="7" coveredstatements="6" conditionals="3" coveredconditionals="3" methods="4" coveredmethods="3"/>
        <line num="15" count="3" type="cond" truecount="1" falsecount="0"/>
        <line num="16" count="18" type="stmt"/>
        <line num="18" count="90" type="stmt"/>
        <line num="20" count="90" type="cond" truecount="2" falsecount="0"/>
        <line num="21" count="66" type="stmt"/>
        <line num="25" count="0" type="stmt"/>
        <line num="36" count="1" type="stmt"/>
      </file>
      <file name="ProjectCard.tsx" path="C:\Users\rodne\FRONT_END REACT PORTFOLIO WEBSITE\portfolio\src\features\projects\components\ProjectCard.tsx">
        <metrics statements="12" coveredstatements="9" conditionals="3" coveredconditionals="1" methods="3" coveredmethods="2"/>
        <line num="1" count="1" type="stmt"/>
        <line num="11" count="3" type="cond" truecount="1" falsecount="0"/>
        <line num="12" count="11" type="stmt"/>
        <line num="14" count="11" type="stmt"/>
        <line num="15" count="0" type="cond" truecount="0" falsecount="2"/>
        <line num="16" count="0" type="stmt"/>
        <line num="18" count="0" type="stmt"/>
        <line num="21" count="11" type="stmt"/>
        <line num="30" count="6" type="stmt"/>
        <line num="41" count="23" type="stmt"/>
        <line num="54" count="3" type="stmt"/>
        <line num="55" count="3" type="stmt"/>
      </file>
      <file name="ProjectGrid.tsx" path="C:\Users\rodne\FRONT_END REACT PORTFOLIO WEBSITE\portfolio\src\features\projects\components\ProjectGrid.tsx">
        <metrics statements="16" coveredstatements="13" conditionals="12" coveredconditionals="7" methods="6" coveredmethods="6"/>
        <line num="17" count="2" type="stmt"/>
        <line num="18" count="12" type="stmt"/>
        <line num="28" count="2" type="stmt"/>
        <line num="35" count="17" type="stmt"/>
        <line num="37" count="17" type="stmt"/>
        <line num="38" count="6" type="stmt"/>
        <line num="39" count="6" type="stmt"/>
        <line num="40" count="6" type="stmt"/>
        <line num="43" count="17" type="cond" truecount="3" falsecount="1"/>
        <line num="44" count="0" type="stmt"/>
        <line num="47" count="17" type="cond" truecount="1" falsecount="1"/>
        <line num="48" count="0" type="stmt"/>
        <line num="58" count="17" type="cond" truecount="1" falsecount="1"/>
        <line num="59" count="0" type="stmt"/>
        <line num="62" count="17" type="stmt"/>
        <line num="65" count="35" type="stmt"/>
      </file>
      <file name="ProjectsHero.tsx" path="C:\Users\rodne\FRONT_END REACT PORTFOLIO WEBSITE\portfolio\src\features\projects\components\ProjectsHero.tsx">
        <metrics statements="2" coveredstatements="2" conditionals="2" coveredconditionals="1" methods="1" coveredmethods="1"/>
        <line num="7" count="2" type="stmt"/>
        <line num="8" count="13" type="stmt"/>
      </file>
      <file name="SearchBar.tsx" path="C:\Users\rodne\FRONT_END REACT PORTFOLIO WEBSITE\portfolio\src\features\projects\components\SearchBar.tsx">
        <metrics statements="4" coveredstatements="4" conditionals="2" coveredconditionals="2" methods="2" coveredmethods="2"/>
        <line num="8" count="3" type="stmt"/>
        <line num="14" count="17" type="stmt"/>
        <line num="15" count="14" type="stmt"/>
        <line num="19" count="5" type="stmt"/>
      </file>
      <file name="SortControl.tsx" path="C:\Users\rodne\FRONT_END REACT PORTFOLIO WEBSITE\portfolio\src\features\projects\components\SortControl.tsx">
        <metrics statements="6" coveredstatements="5" conditionals="2" coveredconditionals="2" methods="3" coveredmethods="2"/>
        <line num="15" count="3" type="stmt"/>
        <line num="20" count="3" type="stmt"/>
        <line num="26" count="17" type="stmt"/>
        <line num="27" count="14" type="stmt"/>
        <line num="30" count="0" type="stmt"/>
        <line num="34" count="34" type="stmt"/>
      </file>
    </package>
    <package name="src.features.projects.pages">
      <metrics statements="32" coveredstatements="29" conditionals="4" coveredconditionals="3" methods="17" coveredmethods="15"/>
      <file name="ProjectsPage.tsx" path="C:\Users\rodne\FRONT_END REACT PORTFOLIO WEBSITE\portfolio\src\features\projects\pages\ProjectsPage.tsx">
        <metrics statements="32" coveredstatements="29" conditionals="4" coveredconditionals="3" methods="17" coveredmethods="15"/>
        <line num="14" count="2" type="stmt"/>
        <line num="22" count="2" type="stmt"/>
        <line num="23" count="13" type="stmt"/>
        <line num="24" count="17" type="stmt"/>
        <line num="25" count="17" type="stmt"/>
        <line num="26" count="17" type="stmt"/>
        <line num="27" count="17" type="stmt"/>
        <line num="28" count="17" type="stmt"/>
        <line num="29" count="13" type="stmt"/>
        <line num="30" count="13" type="stmt"/>
        <line num="31" count="13" type="stmt"/>
        <line num="33" count="13" type="stmt"/>
        <line num="34" count="2" type="cond" truecount="1" falsecount="1"/>
        <line num="35" count="0" type="stmt"/>
        <line num="39" count="13" type="stmt"/>
        <line num="40" count="3" type="stmt"/>
        <line num="43" count="13" type="stmt"/>
        <line num="44" count="4" type="stmt"/>
        <line num="47" count="13" type="stmt"/>
        <line num="48" count="8" type="stmt"/>
        <line num="49" count="2" type="cond" truecount="2" falsecount="0"/>
        <line num="50" count="1" type="stmt"/>
        <line num="54" count="8" type="stmt"/>
        <line num="57" count="13" type="stmt"/>
        <line num="58" count="5" type="stmt"/>
        <line num="61" count="13" type="stmt"/>
        <line num="63" count="1" type="stmt"/>
        <line num="68" count="13" type="stmt"/>
        <line num="70" count="0" type="stmt"/>
        <line num="75" count="13" type="stmt"/>
        <line num="76" count="0" type="stmt"/>
        <line num="79" count="13" type="stmt"/>
      </file>
    </package>
    <package name="src.features.ui">
      <metrics statements="27" coveredstatements="15" conditionals="14" coveredconditionals="7" methods="5" coveredmethods="2"/>
      <file name="uiSlice.ts" path="C:\Users\rodne\FRONT_END REACT PORTFOLIO WEBSITE\portfolio\src\features\ui\uiSlice.ts">
        <metrics statements="27" coveredstatements="15" conditionals="14" coveredconditionals="7" methods="5" coveredmethods="2"/>
        <line num="11" count="12" type="stmt"/>
        <line num="13" count="12" type="stmt"/>
        <line num="14" count="12" type="cond" truecount="1" falsecount="1"/>
        <line num="15" count="0" type="stmt"/>
        <line num="17" count="12" type="stmt"/>
        <line num="18" count="12" type="stmt"/>
        <line num="20" count="0" type="stmt"/>
        <line num="24" count="12" type="stmt"/>
        <line num="25" count="12" type="stmt"/>
        <line num="26" count="12" type="cond" truecount="1" falsecount="1"/>
        <line num="27" count="0" type="stmt"/>
        <line num="30" count="12" type="stmt"/>
        <line num="31" count="12" type="cond" truecount="3" falsecount="1"/>
        <line num="32" count="0" type="stmt"/>
        <line num="35" count="12" type="stmt"/>
        <line num="38" count="12" type="stmt"/>
        <line num="39" count="0" type="stmt"/>
        <line num="40" count="0" type="cond" truecount="0" falsecount="2"/>
        <line num="41" count="0" type="stmt"/>
        <line num="44" count="0" type="stmt"/>
        <line num="47" count="12" type="stmt"/>
        <line num="51" count="12" type="stmt"/>
        <line num="56" count="0" type="cond" truecount="0" falsecount="2"/>
        <line num="57" count="0" type="stmt"/>
        <line num="60" count="0" type="stmt"/>
        <line num="61" count="0" type="stmt"/>
        <line num="66" count="12" type="stmt"/>
      </file>
    </package>
    <package name="src.pages">
      <metrics statements="4" coveredstatements="4" conditionals="0" coveredconditionals="0" methods="2" coveredmethods="2"/>
      <file name="ContactPage.tsx" path="C:\Users\rodne\FRONT_END REACT PORTFOLIO WEBSITE\portfolio\src\pages\ContactPage.tsx">
        <metrics statements="2" coveredstatements="2" conditionals="0" coveredconditionals="0" methods="1" coveredmethods="1"/>
        <line num="3" count="1" type="stmt"/>
        <line num="4" count="1" type="stmt"/>
      </file>
      <file name="HomePage.tsx" path="C:\Users\rodne\FRONT_END REACT PORTFOLIO WEBSITE\portfolio\src\pages\HomePage.tsx">
        <metrics statements="2" coveredstatements="2" conditionals="0" coveredconditionals="0" methods="1" coveredmethods="1"/>
        <line num="3" count="1" type="stmt"/>
        <line num="4" count="1" type="stmt"/>
      </file>
    </package>
    <package name="src.storybook">
      <metrics statements="32" coveredstatements="26" conditionals="12" coveredconditionals="11" methods="11" coveredmethods="9"/>
      <file name="decorators.tsx" path="C:\Users\rodne\FRONT_END REACT PORTFOLIO WEBSITE\portfolio\src\storybook\decorators.tsx">
        <metrics statements="32" coveredstatements="26" conditionals="12" coveredconditionals="11" methods="11" coveredmethods="9"/>
        <line num="2" count="9" type="stmt"/>
        <line num="15" count="9" type="stmt"/>
        <line num="21" count="9" type="stmt"/>
        <line num="22" count="34" type="stmt"/>
        <line num="27" count="9" type="stmt"/>
        <line num="28" count="34" type="stmt"/>
        <line num="30" count="34" type="stmt"/>
        <line num="31" count="34" type="cond" truecount="1" falsecount="1"/>
        <line num="32" count="34" type="stmt"/>
        <line num="33" count="34" type="stmt"/>
        <line num="36" count="0" type="stmt"/>
        <line num="37" count="0" type="stmt"/>
        <line num="38" count="0" type="stmt"/>
        <line num="41" count="0" type="stmt"/>
        <line num="42" count="0" type="stmt"/>
        <line num="43" count="0" type="stmt"/>
        <line num="46" count="34" type="stmt"/>
        <line num="50" count="9" type="cond" truecount="1" falsecount="0"/>
        <line num="51" count="2" type="stmt"/>
        <line num="53" count="8" type="cond" truecount="2" falsecount="0"/>
        <line num="55" count="8" type="cond" truecount="2" falsecount="0"/>
        <line num="57" count="8" type="stmt"/>
        <line num="65" count="9" type="stmt"/>
        <line num="66" count="9" type="stmt"/>
        <line num="67" count="34" type="stmt"/>
        <line num="68" count="34" type="cond" truecount="2" falsecount="0"/>
        <line num="70" count="34" type="stmt"/>
        <line num="78" count="9" type="cond" truecount="1" falsecount="0"/>
        <line num="79" count="9" type="stmt"/>
        <line num="80" count="34" type="stmt"/>
        <line num="81" count="34" type="cond" truecount="2" falsecount="0"/>
        <line num="83" count="34" type="stmt"/>
      </file>
    </package>
    <package name="src.styles">
      <metrics statements="0" coveredstatements="0" conditionals="0" coveredconditionals="0" methods="0" coveredmethods="0"/>
      <file name="globals.css" path="C:\Users\rodne\FRONT_END REACT PORTFOLIO WEBSITE\portfolio\src\styles\globals.css">
        <metrics statements="0" coveredstatements="0" conditionals="0" coveredconditionals="0" methods="0" coveredmethods="0"/>
      </file>
      <file name="tokens.css" path="C:\Users\rodne\FRONT_END REACT PORTFOLIO WEBSITE\portfolio\src\styles\tokens.css">
        <metrics statements="0" coveredstatements="0" conditionals="0" coveredconditionals="0" methods="0" coveredmethods="0"/>
      </file>
    </package>
    <package name="src.test">
      <metrics statements="6" coveredstatements="6" conditionals="3" coveredconditionals="3" methods="3" coveredmethods="3"/>
      <file name="testUtils.tsx" path="C:\Users\rodne\FRONT_END REACT PORTFOLIO WEBSITE\portfolio\src\test\testUtils.tsx">
        <metrics statements="6" coveredstatements="6" conditionals="3" coveredconditionals="3" methods="3" coveredmethods="3"/>
        <line num="14" count="3" type="stmt"/>
        <line num="22" count="3" type="stmt"/>
        <line num="36" count="3" type="stmt"/>
        <line num="45" count="3" type="stmt"/>
        <line num="46" count="3" type="stmt"/>
        <line num="51" count="3" type="stmt"/>
      </file>
    </package>
  </project>
</coverage>
