{"C:\\Users\\rodne\\FRONT_END REACT PORTFOLIO WEBSITE\\portfolio\\.storybook\\preview.ts": {"path":"C:\\Users\\rodne\\FRONT_END REACT PORTFOLIO WEBSITE\\portfolio\\.storybook\\preview.ts","statementMap":{"0":{"start":{"line":7,"column":25},"end":{"line":49,"column":null}}},"fnMap":{},"branchMap":{},"s":{"0":9},"f":{},"b":{},"meta":{"lastBranch":0,"lastFunction":0,"lastStatement":1,"seen":{"s:7:25:49:Infinity":0}}}
,"C:\\Users\\rodne\\FRONT_END REACT PORTFOLIO WEBSITE\\portfolio\\src\\app\\hooks.ts": {"path":"C:\\Users\\rodne\\FRONT_END REACT PORTFOLIO WEBSITE\\portfolio\\src\\app\\hooks.ts","statementMap":{"0":{"start":{"line":7,"column":30},"end":{"line":7,"column":null}},"1":{"start":{"line":8,"column":63},"end":{"line":8,"column":null}},"2":{"start":{"line":10,"column":29},"end":{"line":19,"column":null}},"3":{"start":{"line":11,"column":20},"end":{"line":11,"column":null}},"4":{"start":{"line":11,"column":46},"end":{"line":11,"column":64}},"5":{"start":{"line":13,"column":2},"end":{"line":18,"column":null}},"6":{"start":{"line":14,"column":4},"end":{"line":16,"column":null}},"7":{"start":{"line":15,"column":6},"end":{"line":15,"column":null}},"8":{"start":{"line":17,"column":4},"end":{"line":17,"column":null}},"9":{"start":{"line":1,"column":26},"end":{"line":1,"column":null}},"10":{"start":{"line":7,"column":36},"end":{"line":7,"column":null}}},"fnMap":{"0":{"name":"(anonymous_0)","decl":{"start":{"line":7,"column":30},"end":{"line":7,"column":36}},"loc":{"start":{"line":7,"column":30},"end":{"line":7,"column":null}},"line":7},"1":{"name":"(anonymous_1)","decl":{"start":{"line":10,"column":29},"end":{"line":10,"column":35}},"loc":{"start":{"line":10,"column":35},"end":{"line":19,"column":null}},"line":10},"2":{"name":"(anonymous_2)","decl":{"start":{"line":11,"column":35},"end":{"line":11,"column":36}},"loc":{"start":{"line":11,"column":46},"end":{"line":11,"column":64}},"line":11},"3":{"name":"(anonymous_3)","decl":{"start":{"line":13,"column":12},"end":{"line":13,"column":18}},"loc":{"start":{"line":13,"column":18},"end":{"line":18,"column":5}},"line":13},"4":{"name":"(anonymous_0)","decl":{"start":{"line":7,"column":30},"end":{"line":7,"column":36}},"loc":{"start":{"line":7,"column":36},"end":{"line":7,"column":null}},"line":7}},"branchMap":{"0":{"loc":{"start":{"line":14,"column":4},"end":{"line":16,"column":null}},"type":"if","locations":[{"start":{"line":14,"column":4},"end":{"line":16,"column":null}},{"start":{},"end":{}}],"line":14}},"s":{"0":80,"1":4,"2":4,"3":1,"4":2,"5":1,"6":1,"7":0,"8":1,"9":1,"10":81},"f":{"0":79,"1":1,"2":2,"3":1,"4":81},"b":{"0":[0,1]},"meta":{"lastBranch":1,"lastFunction":4,"lastStatement":9,"seen":{"s:7:30:7:Infinity":0,"f:7:30:7:36":0,"s:8:63:8:Infinity":1,"s:10:29:19:Infinity":2,"f:10:29:10:35":1,"s:11:20:11:Infinity":3,"f:11:35:11:36":2,"s:11:46:11:64":4,"s:13:2:18:Infinity":5,"f:13:12:13:18":3,"b:14:4:16:Infinity:undefined:undefined:undefined:undefined":0,"s:14:4:16:Infinity":6,"s:15:6:15:Infinity":7,"s:17:4:17:Infinity":8}}}
,"C:\\Users\\rodne\\FRONT_END REACT PORTFOLIO WEBSITE\\portfolio\\src\\components\\common\\ErrorBoundary.tsx": {"path":"C:\\Users\\rodne\\FRONT_END REACT PORTFOLIO WEBSITE\\portfolio\\src\\components\\common\\ErrorBoundary.tsx","statementMap":{"0":{"start":{"line":33,"column":10},"end":{"line":33,"column":11}},"1":{"start":{"line":1,"column":58},"end":{"line":1,"column":null}},"2":{"start":{"line":13,"column":30},"end":{"line":15,"column":null}},"3":{"start":{"line":25,"column":17},"end":{"line":27,"column":null}},"4":{"start":{"line":18,"column":4},"end":{"line":18,"column":null}},"5":{"start":{"line":22,"column":4},"end":{"line":22,"column":null}},"6":{"start":{"line":26,"column":4},"end":{"line":26,"column":null}},"7":{"start":{"line":30,"column":4},"end":{"line":40,"column":null}},"8":{"start":{"line":31,"column":6},"end":{"line":38,"column":null}},"9":{"start":{"line":42,"column":4},"end":{"line":42,"column":null}}},"fnMap":{"0":{"name":"(anonymous_0)","decl":{"start":{"line":17,"column":9},"end":{"line":17,"column":36}},"loc":{"start":{"line":17,"column":36},"end":{"line":19,"column":null}},"line":17},"1":{"name":"(anonymous_1)","decl":{"start":{"line":21,"column":2},"end":{"line":21,"column":20}},"loc":{"start":{"line":21,"column":51},"end":{"line":23,"column":null}},"line":21},"2":{"name":"(anonymous_2)","decl":{"start":{"line":25,"column":17},"end":{"line":25,"column":23}},"loc":{"start":{"line":25,"column":23},"end":{"line":27,"column":null}},"line":25},"3":{"name":"(anonymous_3)","decl":{"start":{"line":29,"column":2},"end":{"line":29,"column":11}},"loc":{"start":{"line":29,"column":11},"end":{"line":43,"column":null}},"line":29}},"branchMap":{"0":{"loc":{"start":{"line":30,"column":4},"end":{"line":40,"column":null}},"type":"if","locations":[{"start":{"line":30,"column":4},"end":{"line":40,"column":null}},{"start":{},"end":{}}],"line":30},"1":{"loc":{"start":{"line":30,"column":8},"end":{"line":30,"column":54}},"type":"binary-expr","locations":[{"start":{"line":30,"column":8},"end":{"line":30,"column":31}},{"start":{"line":30,"column":31},"end":{"line":30,"column":54}}],"line":30}},"s":{"0":1,"1":1,"2":2,"3":0,"4":0,"5":0,"6":0,"7":2,"8":2,"9":0},"f":{"0":2,"1":0,"2":0,"3":2},"b":{"0":[2,0],"1":[2,2]},"meta":{"lastBranch":2,"lastFunction":4,"lastStatement":10,"seen":{"s:33:10:33:11":0,"s:1:58:1:Infinity":1,"s:13:30:15:Infinity":2,"s:25:17:27:Infinity":3,"f:17:9:17:36":0,"s:18:4:18:Infinity":4,"f:21:2:21:20":1,"s:22:4:22:Infinity":5,"f:25:17:25:23":2,"s:26:4:26:Infinity":6,"f:29:2:29:11":3,"b:30:4:40:Infinity:undefined:undefined:undefined:undefined":0,"s:30:4:40:Infinity":7,"b:30:8:30:31:30:31:30:54":1,"s:31:6:38:Infinity":8,"s:42:4:42:Infinity":9}}}
,"C:\\Users\\rodne\\FRONT_END REACT PORTFOLIO WEBSITE\\portfolio\\src\\components\\common\\FullPageLoader.tsx": {"path":"C:\\Users\\rodne\\FRONT_END REACT PORTFOLIO WEBSITE\\portfolio\\src\\components\\common\\FullPageLoader.tsx","statementMap":{"0":{"start":{"line":3,"column":4},"end":{"line":3,"column":5}},"1":{"start":{"line":1,"column":30},"end":{"line":4,"column":null}},"2":{"start":{"line":2,"column":2},"end":{"line":4,"column":null}}},"fnMap":{"0":{"name":"(anonymous_0)","decl":{"start":{"line":1,"column":30},"end":{"line":1,"column":null}},"loc":{"start":{"line":2,"column":2},"end":{"line":4,"column":null}},"line":2}},"branchMap":{},"s":{"0":1,"1":1,"2":3},"f":{"0":3},"b":{},"meta":{"lastBranch":0,"lastFunction":1,"lastStatement":3,"seen":{"s:3:4:3:5":0,"s:1:30:4:Infinity":1,"f:1:30:1:Infinity":0,"s:2:2:4:Infinity":2}}}
,"C:\\Users\\rodne\\FRONT_END REACT PORTFOLIO WEBSITE\\portfolio\\src\\components\\home\\HeroButtons.tsx": {"path":"C:\\Users\\rodne\\FRONT_END REACT PORTFOLIO WEBSITE\\portfolio\\src\\components\\home\\HeroButtons.tsx","statementMap":{"0":{"start":{"line":5,"column":27},"end":{"line":13,"column":null}},"1":{"start":{"line":6,"column":2},"end":{"line":13,"column":null}}},"fnMap":{"0":{"name":"(anonymous_0)","decl":{"start":{"line":5,"column":27},"end":{"line":5,"column":null}},"loc":{"start":{"line":6,"column":2},"end":{"line":13,"column":null}},"line":6}},"branchMap":{},"s":{"0":1,"1":1},"f":{"0":1},"b":{},"meta":{"lastBranch":0,"lastFunction":1,"lastStatement":2,"seen":{"s:5:27:13:Infinity":0,"f:5:27:5:Infinity":0,"s:6:2:13:Infinity":1}}}
,"C:\\Users\\rodne\\FRONT_END REACT PORTFOLIO WEBSITE\\portfolio\\src\\components\\home\\HomeHero.module.css": {"path":"C:\\Users\\rodne\\FRONT_END REACT PORTFOLIO WEBSITE\\portfolio\\src\\components\\home\\HomeHero.module.css","statementMap":{},"fnMap":{},"branchMap":{},"s":{},"f":{},"b":{},"meta":{"lastBranch":0,"lastFunction":0,"lastStatement":0,"seen":{}}}
,"C:\\Users\\rodne\\FRONT_END REACT PORTFOLIO WEBSITE\\portfolio\\src\\components\\home\\HomeHero.tsx": {"path":"C:\\Users\\rodne\\FRONT_END REACT PORTFOLIO WEBSITE\\portfolio\\src\\components\\home\\HomeHero.tsx","statementMap":{"0":{"start":{"line":5,"column":24},"end":{"line":21,"column":null}},"1":{"start":{"line":6,"column":2},"end":{"line":21,"column":null}}},"fnMap":{"0":{"name":"(anonymous_0)","decl":{"start":{"line":5,"column":24},"end":{"line":5,"column":null}},"loc":{"start":{"line":6,"column":2},"end":{"line":21,"column":null}},"line":6}},"branchMap":{},"s":{"0":1,"1":1},"f":{"0":1},"b":{},"meta":{"lastBranch":0,"lastFunction":1,"lastStatement":2,"seen":{"s:5:24:21:Infinity":0,"f:5:24:5:Infinity":0,"s:6:2:21:Infinity":1}}}
,"C:\\Users\\rodne\\FRONT_END REACT PORTFOLIO WEBSITE\\portfolio\\src\\components\\home\\VideoBubble.tsx": {"path":"C:\\Users\\rodne\\FRONT_END REACT PORTFOLIO WEBSITE\\portfolio\\src\\components\\home\\VideoBubble.tsx","statementMap":{"0":{"start":{"line":3,"column":27},"end":{"line":26,"column":null}},"1":{"start":{"line":4,"column":2},"end":{"line":26,"column":null}}},"fnMap":{"0":{"name":"(anonymous_0)","decl":{"start":{"line":3,"column":27},"end":{"line":3,"column":null}},"loc":{"start":{"line":4,"column":2},"end":{"line":26,"column":null}},"line":4}},"branchMap":{},"s":{"0":1,"1":1},"f":{"0":1},"b":{},"meta":{"lastBranch":0,"lastFunction":1,"lastStatement":2,"seen":{"s:3:27:26:Infinity":0,"f:3:27:3:Infinity":0,"s:4:2:26:Infinity":1}}}
,"C:\\Users\\rodne\\FRONT_END REACT PORTFOLIO WEBSITE\\portfolio\\src\\components\\layout\\AppLayout.tsx": {"path":"C:\\Users\\rodne\\FRONT_END REACT PORTFOLIO WEBSITE\\portfolio\\src\\components\\layout\\AppLayout.tsx","statementMap":{"0":{"start":{"line":7,"column":19},"end":{"line":7,"column":null}},"1":{"start":{"line":7,"column":25},"end":{"line":7,"column":null}},"2":{"start":{"line":9,"column":25},"end":{"line":24,"column":null}},"3":{"start":{"line":10,"column":2},"end":{"line":10,"column":null}},"4":{"start":{"line":12,"column":2},"end":{"line":22,"column":null}}},"fnMap":{"0":{"name":"(anonymous_0)","decl":{"start":{"line":7,"column":19},"end":{"line":7,"column":25}},"loc":{"start":{"line":7,"column":25},"end":{"line":7,"column":null}},"line":7},"1":{"name":"(anonymous_1)","decl":{"start":{"line":9,"column":25},"end":{"line":9,"column":31}},"loc":{"start":{"line":9,"column":31},"end":{"line":24,"column":null}},"line":9}},"branchMap":{},"s":{"0":1,"1":1,"2":1,"3":1,"4":1},"f":{"0":1,"1":1},"b":{},"meta":{"lastBranch":0,"lastFunction":2,"lastStatement":5,"seen":{"s:7:19:7:Infinity":0,"f:7:19:7:25":0,"s:7:25:7:Infinity":1,"s:9:25:24:Infinity":2,"f:9:25:9:31":1,"s:10:2:10:Infinity":3,"s:12:2:22:Infinity":4}}}
,"C:\\Users\\rodne\\FRONT_END REACT PORTFOLIO WEBSITE\\portfolio\\src\\components\\layout\\Navbar.tsx": {"path":"C:\\Users\\rodne\\FRONT_END REACT PORTFOLIO WEBSITE\\portfolio\\src\\components\\layout\\Navbar.tsx","statementMap":{"0":{"start":{"line":7,"column":24},"end":{"line":8,"column":null}},"1":{"start":{"line":8,"column":2},"end":{"line":8,"column":null}},"2":{"start":{"line":10,"column":22},"end":{"line":66,"column":null}},"3":{"start":{"line":11,"column":8},"end":{"line":11,"column":null}},"4":{"start":{"line":12,"column":30},"end":{"line":12,"column":null}},"5":{"start":{"line":14,"column":23},"end":{"line":16,"column":null}},"6":{"start":{"line":15,"column":4},"end":{"line":15,"column":null}},"7":{"start":{"line":15,"column":26},"end":{"line":15,"column":31}},"8":{"start":{"line":18,"column":22},"end":{"line":20,"column":null}},"9":{"start":{"line":19,"column":4},"end":{"line":19,"column":null}},"10":{"start":{"line":22,"column":2},"end":{"line":64,"column":null}},"11":{"start":{"line":58,"column":25},"end":{"line":58,"column":null}},"12":{"start":{"line":24,"column":6},"end":{"line":24,"column":7}},"13":{"start":{"line":1,"column":25},"end":{"line":1,"column":null}},"14":{"start":{"line":11,"column":19},"end":{"line":11,"column":null}},"15":{"start":{"line":12,"column":34},"end":{"line":12,"column":null}}},"fnMap":{"0":{"name":"(anonymous_0)","decl":{"start":{"line":7,"column":24},"end":{"line":7,"column":25}},"loc":{"start":{"line":8,"column":2},"end":{"line":8,"column":null}},"line":8},"1":{"name":"(anonymous_1)","decl":{"start":{"line":10,"column":22},"end":{"line":10,"column":28}},"loc":{"start":{"line":10,"column":28},"end":{"line":66,"column":null}},"line":10},"2":{"name":"(anonymous_2)","decl":{"start":{"line":14,"column":23},"end":{"line":14,"column":29}},"loc":{"start":{"line":14,"column":29},"end":{"line":16,"column":null}},"line":14},"3":{"name":"(anonymous_3)","decl":{"start":{"line":15,"column":16},"end":{"line":15,"column":17}},"loc":{"start":{"line":15,"column":26},"end":{"line":15,"column":31}},"line":15},"4":{"name":"(anonymous_4)","decl":{"start":{"line":18,"column":22},"end":{"line":18,"column":28}},"loc":{"start":{"line":18,"column":28},"end":{"line":20,"column":null}},"line":18},"5":{"name":"(anonymous_5)","decl":{"start":{"line":58,"column":19},"end":{"line":58,"column":25}},"loc":{"start":{"line":58,"column":25},"end":{"line":58,"column":null}},"line":58}},"branchMap":{"0":{"loc":{"start":{"line":8,"column":2},"end":{"line":8,"column":null}},"type":"cond-expr","locations":[{"start":{"line":8,"column":13},"end":{"line":8,"column":36}},{"start":{"line":8,"column":36},"end":{"line":8,"column":null}}],"line":8},"1":{"loc":{"start":{"line":37,"column":39},"end":{"line":37,"column":null}},"type":"cond-expr","locations":[{"start":{"line":37,"column":50},"end":{"line":37,"column":71}},{"start":{"line":37,"column":71},"end":{"line":37,"column":null}}],"line":37}},"s":{"0":2,"1":16,"2":2,"3":2,"4":2,"5":3,"6":0,"7":0,"8":3,"9":1,"10":3,"11":0,"12":2,"13":1,"14":3,"15":3},"f":{"0":16,"1":3,"2":0,"3":0,"4":1,"5":0},"b":{"0":[4,12],"1":[0,3]},"meta":{"lastBranch":2,"lastFunction":6,"lastStatement":12,"seen":{"s:7:24:8:Infinity":0,"f:7:24:7:25":0,"s:8:2:8:Infinity":1,"b:8:13:8:36:8:36:8:Infinity":0,"s:10:22:66:Infinity":2,"f:10:22:10:28":1,"s:11:8:11:Infinity":3,"s:12:30:12:Infinity":4,"s:14:23:16:Infinity":5,"f:14:23:14:29":2,"s:15:4:15:Infinity":6,"f:15:16:15:17":3,"s:15:26:15:31":7,"s:18:22:20:Infinity":8,"f:18:22:18:28":4,"s:19:4:19:Infinity":9,"s:22:2:64:Infinity":10,"b:37:50:37:71:37:71:37:Infinity":1,"f:58:19:58:25":5,"s:58:25:58:Infinity":11}}}
,"C:\\Users\\rodne\\FRONT_END REACT PORTFOLIO WEBSITE\\portfolio\\src\\data\\projects.json": {"path":"C:\\Users\\rodne\\FRONT_END REACT PORTFOLIO WEBSITE\\portfolio\\src\\data\\projects.json","statementMap":{},"fnMap":{},"branchMap":{},"s":{},"f":{},"b":{},"meta":{"lastBranch":0,"lastFunction":0,"lastStatement":0,"seen":{}}}
,"C:\\Users\\rodne\\FRONT_END REACT PORTFOLIO WEBSITE\\portfolio\\src\\features\\contact\\contactSlice.ts": {"path":"C:\\Users\\rodne\\FRONT_END REACT PORTFOLIO WEBSITE\\portfolio\\src\\features\\contact\\contactSlice.ts","statementMap":{"0":{"start":{"line":17,"column":37},"end":{"line":22,"column":null}},"1":{"start":{"line":24,"column":37},"end":{"line":29,"column":null}},"2":{"start":{"line":31,"column":19},"end":{"line":31,"column":null}},"3":{"start":{"line":33,"column":32},"end":{"line":53,"column":null}},"4":{"start":{"line":34,"column":32},"end":{"line":34,"column":null}},"5":{"start":{"line":36,"column":2},"end":{"line":38,"column":null}},"6":{"start":{"line":37,"column":4},"end":{"line":37,"column":null}},"7":{"start":{"line":40,"column":2},"end":{"line":42,"column":null}},"8":{"start":{"line":41,"column":4},"end":{"line":41,"column":null}},"9":{"start":{"line":44,"column":2},"end":{"line":46,"column":null}},"10":{"start":{"line":45,"column":4},"end":{"line":45,"column":null}},"11":{"start":{"line":48,"column":2},"end":{"line":50,"column":null}},"12":{"start":{"line":49,"column":4},"end":{"line":49,"column":null}},"13":{"start":{"line":52,"column":2},"end":{"line":52,"column":null}},"14":{"start":{"line":55,"column":13},"end":{"line":66,"column":null}},"15":{"start":{"line":58,"column":4},"end":{"line":64,"column":null}},"16":{"start":{"line":59,"column":21},"end":{"line":59,"column":null}},"17":{"start":{"line":60,"column":6},"end":{"line":60,"column":null}},"18":{"start":{"line":60,"column":37},"end":{"line":60,"column":64}},"19":{"start":{"line":61,"column":6},"end":{"line":61,"column":null}},"20":{"start":{"line":63,"column":6},"end":{"line":63,"column":null}},"21":{"start":{"line":68,"column":35},"end":{"line":73,"column":null}},"22":{"start":{"line":75,"column":6},"end":{"line":117,"column":null}},"23":{"start":{"line":80,"column":31},"end":{"line":80,"column":null}},"24":{"start":{"line":81,"column":6},"end":{"line":81,"column":null}},"25":{"start":{"line":82,"column":6},"end":{"line":82,"column":null}},"26":{"start":{"line":83,"column":6},"end":{"line":86,"column":null}},"27":{"start":{"line":84,"column":8},"end":{"line":84,"column":null}},"28":{"start":{"line":85,"column":8},"end":{"line":85,"column":null}},"29":{"start":{"line":89,"column":6},"end":{"line":89,"column":null}},"30":{"start":{"line":92,"column":6},"end":{"line":92,"column":null}},"31":{"start":{"line":93,"column":6},"end":{"line":93,"column":null}},"32":{"start":{"line":94,"column":6},"end":{"line":94,"column":null}},"33":{"start":{"line":95,"column":6},"end":{"line":95,"column":null}},"34":{"start":{"line":98,"column":6},"end":{"line":98,"column":null}},"35":{"start":{"line":99,"column":6},"end":{"line":99,"column":null}},"36":{"start":{"line":103,"column":4},"end":{"line":115,"column":null}},"37":{"start":{"line":105,"column":8},"end":{"line":105,"column":null}},"38":{"start":{"line":106,"column":8},"end":{"line":106,"column":null}},"39":{"start":{"line":109,"column":8},"end":{"line":109,"column":null}},"40":{"start":{"line":110,"column":8},"end":{"line":110,"column":null}},"41":{"start":{"line":113,"column":8},"end":{"line":113,"column":null}},"42":{"start":{"line":114,"column":8},"end":{"line":114,"column":null}},"43":{"start":{"line":119,"column":66},"end":{"line":119,"column":null}},"44":{"start":{"line":55,"column":33},"end":{"line":66,"column":null}},"45":{"start":{"line":75,"column":21},"end":{"line":117,"column":null}}},"fnMap":{"0":{"name":"(anonymous_0)","decl":{"start":{"line":33,"column":32},"end":{"line":33,"column":33}},"loc":{"start":{"line":33,"column":74},"end":{"line":53,"column":null}},"line":33},"1":{"name":"(anonymous_1)","decl":{"start":{"line":57,"column":2},"end":{"line":57,"column":9}},"loc":{"start":{"line":57,"column":36},"end":{"line":65,"column":null}},"line":57},"2":{"name":"(anonymous_2)","decl":{"start":{"line":60,"column":24},"end":{"line":60,"column":25}},"loc":{"start":{"line":60,"column":37},"end":{"line":60,"column":64}},"line":60},"3":{"name":"(anonymous_3)","decl":{"start":{"line":79,"column":4},"end":{"line":79,"column":13}},"loc":{"start":{"line":79,"column":83},"end":{"line":87,"column":null}},"line":79},"4":{"name":"(anonymous_4)","decl":{"start":{"line":88,"column":4},"end":{"line":88,"column":17}},"loc":{"start":{"line":88,"column":24},"end":{"line":90,"column":null}},"line":88},"5":{"name":"(anonymous_5)","decl":{"start":{"line":91,"column":4},"end":{"line":91,"column":14}},"loc":{"start":{"line":91,"column":21},"end":{"line":96,"column":null}},"line":91},"6":{"name":"(anonymous_6)","decl":{"start":{"line":97,"column":4},"end":{"line":97,"column":16}},"loc":{"start":{"line":97,"column":23},"end":{"line":100,"column":null}},"line":97},"7":{"name":"(anonymous_7)","decl":{"start":{"line":102,"column":17},"end":{"line":102,"column":18}},"loc":{"start":{"line":102,"column":30},"end":{"line":116,"column":null}},"line":102},"8":{"name":"(anonymous_8)","decl":{"start":{"line":104,"column":42},"end":{"line":104,"column":43}},"loc":{"start":{"line":104,"column":53},"end":{"line":107,"column":7}},"line":104},"9":{"name":"(anonymous_9)","decl":{"start":{"line":108,"column":44},"end":{"line":108,"column":45}},"loc":{"start":{"line":108,"column":55},"end":{"line":111,"column":7}},"line":108},"10":{"name":"(anonymous_10)","decl":{"start":{"line":112,"column":43},"end":{"line":112,"column":44}},"loc":{"start":{"line":112,"column":62},"end":{"line":115,"column":7}},"line":112}},"branchMap":{"0":{"loc":{"start":{"line":36,"column":2},"end":{"line":38,"column":null}},"type":"if","locations":[{"start":{"line":36,"column":2},"end":{"line":38,"column":null}},{"start":{},"end":{}}],"line":36},"1":{"loc":{"start":{"line":40,"column":2},"end":{"line":42,"column":null}},"type":"if","locations":[{"start":{"line":40,"column":2},"end":{"line":42,"column":null}},{"start":{},"end":{}}],"line":40},"2":{"loc":{"start":{"line":44,"column":2},"end":{"line":46,"column":null}},"type":"if","locations":[{"start":{"line":44,"column":2},"end":{"line":46,"column":null}},{"start":{},"end":{}}],"line":44},"3":{"loc":{"start":{"line":48,"column":2},"end":{"line":50,"column":null}},"type":"if","locations":[{"start":{"line":48,"column":2},"end":{"line":50,"column":null}},{"start":{},"end":{}}],"line":48},"4":{"loc":{"start":{"line":83,"column":6},"end":{"line":86,"column":null}},"type":"if","locations":[{"start":{"line":83,"column":6},"end":{"line":86,"column":null}},{"start":{},"end":{}}],"line":83},"5":{"loc":{"start":{"line":114,"column":29},"end":{"line":114,"column":null}},"type":"binary-expr","locations":[{"start":{"line":114,"column":29},"end":{"line":114,"column":47}},{"start":{"line":114,"column":47},"end":{"line":114,"column":null}}],"line":114}},"s":{"0":12,"1":12,"2":12,"3":12,"4":4,"5":4,"6":2,"7":4,"8":2,"9":4,"10":2,"11":4,"12":2,"13":4,"14":3,"15":1,"16":1,"17":1,"18":1,"19":1,"20":0,"21":12,"22":3,"23":61,"24":61,"25":61,"26":61,"27":0,"28":0,"29":2,"30":0,"31":0,"32":0,"33":0,"34":0,"35":0,"36":12,"37":1,"38":1,"39":1,"40":1,"41":0,"42":0,"43":12,"44":12,"45":12},"f":{"0":4,"1":1,"2":1,"3":61,"4":2,"5":0,"6":0,"7":12,"8":1,"9":1,"10":0},"b":{"0":[2,2],"1":[2,2],"2":[2,2],"3":[2,2],"4":[0,61],"5":[0,0]},"meta":{"lastBranch":6,"lastFunction":11,"lastStatement":44,"seen":{"s:17:37:22:Infinity":0,"s:24:37:29:Infinity":1,"s:31:19:31:Infinity":2,"s:33:32:53:Infinity":3,"f:33:32:33:33":0,"s:34:32:34:Infinity":4,"b:36:2:38:Infinity:undefined:undefined:undefined:undefined":0,"s:36:2:38:Infinity":5,"s:37:4:37:Infinity":6,"b:40:2:42:Infinity:undefined:undefined:undefined:undefined":1,"s:40:2:42:Infinity":7,"s:41:4:41:Infinity":8,"b:44:2:46:Infinity:undefined:undefined:undefined:undefined":2,"s:44:2:46:Infinity":9,"s:45:4:45:Infinity":10,"b:48:2:50:Infinity:undefined:undefined:undefined:undefined":3,"s:48:2:50:Infinity":11,"s:49:4:49:Infinity":12,"s:52:2:52:Infinity":13,"s:55:13:66:Infinity":14,"f:57:2:57:9":1,"s:58:4:64:Infinity":15,"s:59:21:59:Infinity":16,"s:60:6:60:Infinity":17,"f:60:24:60:25":2,"s:60:37:60:64":18,"s:61:6:61:Infinity":19,"s:63:6:63:Infinity":20,"s:68:35:73:Infinity":21,"s:75:6:117:Infinity":22,"f:79:4:79:13":3,"s:80:31:80:Infinity":23,"s:81:6:81:Infinity":24,"s:82:6:82:Infinity":25,"b:83:6:86:Infinity:undefined:undefined:undefined:undefined":4,"s:83:6:86:Infinity":26,"s:84:8:84:Infinity":27,"s:85:8:85:Infinity":28,"f:88:4:88:17":4,"s:89:6:89:Infinity":29,"f:91:4:91:14":5,"s:92:6:92:Infinity":30,"s:93:6:93:Infinity":31,"s:94:6:94:Infinity":32,"s:95:6:95:Infinity":33,"f:97:4:97:16":6,"s:98:6:98:Infinity":34,"s:99:6:99:Infinity":35,"f:102:17:102:18":7,"s:103:4:115:Infinity":36,"f:104:42:104:43":8,"s:105:8:105:Infinity":37,"s:106:8:106:Infinity":38,"f:108:44:108:45":9,"s:109:8:109:Infinity":39,"s:110:8:110:Infinity":40,"f:112:43:112:44":10,"s:113:8:113:Infinity":41,"s:114:8:114:Infinity":42,"b:114:29:114:47:114:47:114:Infinity":5,"s:119:66:119:Infinity":43}}}
,"C:\\Users\\rodne\\FRONT_END REACT PORTFOLIO WEBSITE\\portfolio\\src\\features\\contact\\components\\ContactForm.tsx": {"path":"C:\\Users\\rodne\\FRONT_END REACT PORTFOLIO WEBSITE\\portfolio\\src\\features\\contact\\components\\ContactForm.tsx","statementMap":{"0":{"start":{"line":16,"column":27},"end":{"line":105,"column":null}},"1":{"start":{"line":17,"column":8},"end":{"line":17,"column":null}},"2":{"start":{"line":18,"column":47},"end":{"line":18,"column":null}},"3":{"start":{"line":18,"column":77},"end":{"line":18,"column":90}},"4":{"start":{"line":20,"column":23},"end":{"line":22,"column":null}},"5":{"start":{"line":21,"column":4},"end":{"line":21,"column":null}},"6":{"start":{"line":24,"column":21},"end":{"line":35,"column":null}},"7":{"start":{"line":25,"column":4},"end":{"line":27,"column":null}},"8":{"start":{"line":26,"column":6},"end":{"line":26,"column":null}},"9":{"start":{"line":28,"column":10},"end":{"line":28,"column":null}},"10":{"start":{"line":29,"column":22},"end":{"line":29,"column":null}},"11":{"start":{"line":30,"column":4},"end":{"line":30,"column":null}},"12":{"start":{"line":31,"column":4},"end":{"line":33,"column":null}},"13":{"start":{"line":32,"column":6},"end":{"line":32,"column":null}},"14":{"start":{"line":34,"column":4},"end":{"line":34,"column":null}},"15":{"start":{"line":37,"column":23},"end":{"line":40,"column":null}},"16":{"start":{"line":38,"column":4},"end":{"line":38,"column":null}},"17":{"start":{"line":39,"column":4},"end":{"line":39,"column":null}},"18":{"start":{"line":42,"column":2},"end":{"line":51,"column":null}},"19":{"start":{"line":43,"column":4},"end":{"line":49,"column":null}},"20":{"start":{"line":46,"column":77},"end":{"line":46,"column":100}},"21":{"start":{"line":53,"column":2},"end":{"line":103,"column":null}}},"fnMap":{"0":{"name":"(anonymous_0)","decl":{"start":{"line":16,"column":27},"end":{"line":16,"column":33}},"loc":{"start":{"line":16,"column":33},"end":{"line":105,"column":null}},"line":16},"1":{"name":"(anonymous_1)","decl":{"start":{"line":18,"column":66},"end":{"line":18,"column":67}},"loc":{"start":{"line":18,"column":77},"end":{"line":18,"column":90}},"line":18},"2":{"name":"(anonymous_2)","decl":{"start":{"line":20,"column":23},"end":{"line":20,"column":24}},"loc":{"start":{"line":20,"column":63},"end":{"line":22,"column":null}},"line":20},"3":{"name":"(anonymous_3)","decl":{"start":{"line":24,"column":21},"end":{"line":24,"column":27}},"loc":{"start":{"line":24,"column":27},"end":{"line":35,"column":null}},"line":24},"4":{"name":"(anonymous_4)","decl":{"start":{"line":37,"column":23},"end":{"line":37,"column":24}},"loc":{"start":{"line":37,"column":62},"end":{"line":40,"column":null}},"line":37},"5":{"name":"(anonymous_5)","decl":{"start":{"line":46,"column":71},"end":{"line":46,"column":77}},"loc":{"start":{"line":46,"column":77},"end":{"line":46,"column":100}},"line":46}},"branchMap":{"0":{"loc":{"start":{"line":25,"column":4},"end":{"line":27,"column":null}},"type":"if","locations":[{"start":{"line":25,"column":4},"end":{"line":27,"column":null}},{"start":{},"end":{}}],"line":25},"1":{"loc":{"start":{"line":31,"column":4},"end":{"line":33,"column":null}},"type":"if","locations":[{"start":{"line":31,"column":4},"end":{"line":33,"column":null}},{"start":{},"end":{}}],"line":31},"2":{"loc":{"start":{"line":42,"column":2},"end":{"line":51,"column":null}},"type":"if","locations":[{"start":{"line":42,"column":2},"end":{"line":51,"column":null}},{"start":{},"end":{}}],"line":42},"3":{"loc":{"start":{"line":57,"column":7},"end":{"line":64,"column":null}},"type":"cond-expr","locations":[{"start":{"line":58,"column":8},"end":{"line":63,"column":null}},{"start":{"line":64,"column":10},"end":{"line":64,"column":null}}],"line":57},"4":{"loc":{"start":{"line":60,"column":19},"end":{"line":60,"column":null}},"type":"binary-expr","locations":[{"start":{"line":60,"column":19},"end":{"line":60,"column":35}},{"start":{"line":60,"column":35},"end":{"line":60,"column":null}}],"line":60},"5":{"loc":{"start":{"line":100,"column":11},"end":{"line":100,"column":null}},"type":"cond-expr","locations":[{"start":{"line":100,"column":34},"end":{"line":100,"column":49}},{"start":{"line":100,"column":49},"end":{"line":100,"column":null}}],"line":100}},"s":{"0":1,"1":65,"2":65,"3":131,"4":65,"5":61,"6":65,"7":2,"8":0,"9":2,"10":2,"11":2,"12":2,"13":1,"14":1,"15":65,"16":2,"17":2,"18":65,"19":1,"20":0,"21":64},"f":{"0":65,"1":131,"2":61,"3":2,"4":2,"5":0},"b":{"0":[0,2],"1":[1,1],"2":[1,64],"3":[0,64],"4":[0,0],"5":[1,63]},"meta":{"lastBranch":6,"lastFunction":6,"lastStatement":22,"seen":{"s:16:27:105:Infinity":0,"f:16:27:16:33":0,"s:17:8:17:Infinity":1,"s:18:47:18:Infinity":2,"f:18:66:18:67":1,"s:18:77:18:90":3,"s:20:23:22:Infinity":4,"f:20:23:20:24":2,"s:21:4:21:Infinity":5,"s:24:21:35:Infinity":6,"f:24:21:24:27":3,"b:25:4:27:Infinity:undefined:undefined:undefined:undefined":0,"s:25:4:27:Infinity":7,"s:26:6:26:Infinity":8,"s:28:10:28:Infinity":9,"s:29:22:29:Infinity":10,"s:30:4:30:Infinity":11,"b:31:4:33:Infinity:undefined:undefined:undefined:undefined":1,"s:31:4:33:Infinity":12,"s:32:6:32:Infinity":13,"s:34:4:34:Infinity":14,"s:37:23:40:Infinity":15,"f:37:23:37:24":4,"s:38:4:38:Infinity":16,"s:39:4:39:Infinity":17,"b:42:2:51:Infinity:undefined:undefined:undefined:undefined":2,"s:42:2:51:Infinity":18,"s:43:4:49:Infinity":19,"f:46:71:46:77":5,"s:46:77:46:100":20,"s:53:2:103:Infinity":21,"b:58:8:63:Infinity:64:10:64:Infinity":3,"b:60:19:60:35:60:35:60:Infinity":4,"b:100:34:100:49:100:49:100:Infinity":5}}}
,"C:\\Users\\rodne\\FRONT_END REACT PORTFOLIO WEBSITE\\portfolio\\src\\features\\contact\\components\\FormField.tsx": {"path":"C:\\Users\\rodne\\FRONT_END REACT PORTFOLIO WEBSITE\\portfolio\\src\\features\\contact\\components\\FormField.tsx","statementMap":{"0":{"start":{"line":15,"column":25},"end":{"line":59,"column":null}},"1":{"start":{"line":26,"column":18},"end":{"line":26,"column":null}},"2":{"start":{"line":28,"column":2},"end":{"line":57,"column":null}},"3":{"start":{"line":36,"column":31},"end":{"line":36,"column":null}},"4":{"start":{"line":46,"column":31},"end":{"line":46,"column":null}},"5":{"start":{"line":30,"column":6},"end":{"line":30,"column":7}}},"fnMap":{"0":{"name":"(anonymous_0)","decl":{"start":{"line":15,"column":25},"end":{"line":15,"column":26}},"loc":{"start":{"line":25,"column":22},"end":{"line":59,"column":null}},"line":25},"1":{"name":"(anonymous_1)","decl":{"start":{"line":36,"column":20},"end":{"line":36,"column":21}},"loc":{"start":{"line":36,"column":31},"end":{"line":36,"column":null}},"line":36},"2":{"name":"(anonymous_2)","decl":{"start":{"line":46,"column":20},"end":{"line":46,"column":21}},"loc":{"start":{"line":46,"column":31},"end":{"line":46,"column":null}},"line":46}},"branchMap":{"0":{"loc":{"start":{"line":20,"column":2},"end":{"line":20,"column":null}},"type":"default-arg","locations":[{"start":{"line":20,"column":9},"end":{"line":20,"column":null}}],"line":20},"1":{"loc":{"start":{"line":21,"column":2},"end":{"line":21,"column":null}},"type":"default-arg","locations":[{"start":{"line":21,"column":14},"end":{"line":21,"column":null}}],"line":21},"2":{"loc":{"start":{"line":22,"column":2},"end":{"line":22,"column":null}},"type":"default-arg","locations":[{"start":{"line":22,"column":9},"end":{"line":22,"column":null}}],"line":22},"3":{"loc":{"start":{"line":23,"column":2},"end":{"line":23,"column":null}},"type":"default-arg","locations":[{"start":{"line":23,"column":13},"end":{"line":23,"column":null}}],"line":23},"4":{"loc":{"start":{"line":26,"column":18},"end":{"line":26,"column":null}},"type":"cond-expr","locations":[{"start":{"line":26,"column":26},"end":{"line":26,"column":42}},{"start":{"line":26,"column":42},"end":{"line":26,"column":null}}],"line":26},"5":{"loc":{"start":{"line":31,"column":7},"end":{"line":50,"column":null}},"type":"cond-expr","locations":[{"start":{"line":32,"column":8},"end":{"line":40,"column":null}},{"start":{"line":42,"column":8},"end":{"line":50,"column":null}}],"line":31},"6":{"loc":{"start":{"line":52,"column":7},"end":{"line":56,"column":null}},"type":"cond-expr","locations":[{"start":{"line":53,"column":8},"end":{"line":55,"column":null}},{"start":{"line":56,"column":10},"end":{"line":56,"column":null}}],"line":52}},"s":{"0":2,"1":261,"2":261,"3":35,"4":26,"5":257},"f":{"0":261,"1":35,"2":26},"b":{"0":[261],"1":[261],"2":[261],"3":[261],"4":[58,203],"5":[64,197],"6":[58,203]},"meta":{"lastBranch":7,"lastFunction":3,"lastStatement":5,"seen":{"s:15:25:59:Infinity":0,"f:15:25:15:26":0,"b:20:9:20:Infinity":0,"b:21:14:21:Infinity":1,"b:22:9:22:Infinity":2,"b:23:13:23:Infinity":3,"s:26:18:26:Infinity":1,"b:26:26:26:42:26:42:26:Infinity":4,"s:28:2:57:Infinity":2,"b:32:8:40:Infinity:42:8:50:Infinity":5,"f:36:20:36:21":1,"s:36:31:36:Infinity":3,"f:46:20:46:21":2,"s:46:31:46:Infinity":4,"b:53:8:55:Infinity:56:10:56:Infinity":6}}}
,"C:\\Users\\rodne\\FRONT_END REACT PORTFOLIO WEBSITE\\portfolio\\src\\features\\contact\\components\\StatusBanner.tsx": {"path":"C:\\Users\\rodne\\FRONT_END REACT PORTFOLIO WEBSITE\\portfolio\\src\\features\\contact\\components\\StatusBanner.tsx","statementMap":{"0":{"start":{"line":8,"column":28},"end":{"line":22,"column":null}},"1":{"start":{"line":9,"column":20},"end":{"line":9,"column":null}},"2":{"start":{"line":10,"column":15},"end":{"line":10,"column":null}},"3":{"start":{"line":12,"column":2},"end":{"line":20,"column":null}},"4":{"start":{"line":14,"column":6},"end":{"line":14,"column":7}}},"fnMap":{"0":{"name":"(anonymous_0)","decl":{"start":{"line":8,"column":28},"end":{"line":8,"column":29}},"loc":{"start":{"line":8,"column":93},"end":{"line":22,"column":null}},"line":8}},"branchMap":{"0":{"loc":{"start":{"line":9,"column":20},"end":{"line":9,"column":null}},"type":"cond-expr","locations":[{"start":{"line":9,"column":41},"end":{"line":9,"column":70}},{"start":{"line":9,"column":70},"end":{"line":9,"column":null}}],"line":9},"1":{"loc":{"start":{"line":10,"column":15},"end":{"line":10,"column":null}},"type":"cond-expr","locations":[{"start":{"line":10,"column":36},"end":{"line":10,"column":47}},{"start":{"line":10,"column":47},"end":{"line":10,"column":null}}],"line":10},"2":{"loc":{"start":{"line":15,"column":7},"end":{"line":19,"column":null}},"type":"cond-expr","locations":[{"start":{"line":16,"column":8},"end":{"line":18,"column":null}},{"start":{"line":19,"column":10},"end":{"line":19,"column":null}}],"line":15},"3":{"loc":{"start":{"line":15,"column":7},"end":{"line":15,"column":null}},"type":"binary-expr","locations":[{"start":{"line":15,"column":7},"end":{"line":15,"column":22}},{"start":{"line":15,"column":22},"end":{"line":15,"column":null}}],"line":15}},"s":{"0":2,"1":4,"2":4,"3":4,"4":2},"f":{"0":4},"b":{"0":[2,2],"1":[2,2],"2":[2,2],"3":[4,2]},"meta":{"lastBranch":4,"lastFunction":1,"lastStatement":4,"seen":{"s:8:28:22:Infinity":0,"f:8:28:8:29":0,"s:9:20:9:Infinity":1,"b:9:41:9:70:9:70:9:Infinity":0,"s:10:15:10:Infinity":2,"b:10:36:10:47:10:47:10:Infinity":1,"s:12:2:20:Infinity":3,"b:16:8:18:Infinity:19:10:19:Infinity":2,"b:15:7:15:22:15:22:15:Infinity":3}}}
,"C:\\Users\\rodne\\FRONT_END REACT PORTFOLIO WEBSITE\\portfolio\\src\\features\\projects\\projectsSlice.ts": {"path":"C:\\Users\\rodne\\FRONT_END REACT PORTFOLIO WEBSITE\\portfolio\\src\\features\\projects\\projectsSlice.ts","statementMap":{"0":{"start":{"line":19,"column":14},"end":{"line":22,"column":null}},"1":{"start":{"line":20,"column":2},"end":{"line":22,"column":null}},"2":{"start":{"line":21,"column":4},"end":{"line":21,"column":null}},"3":{"start":{"line":24,"column":13},"end":{"line":35,"column":null}},"4":{"start":{"line":27,"column":4},"end":{"line":33,"column":null}},"5":{"start":{"line":28,"column":21},"end":{"line":28,"column":null}},"6":{"start":{"line":29,"column":6},"end":{"line":29,"column":null}},"7":{"start":{"line":30,"column":6},"end":{"line":30,"column":null}},"8":{"start":{"line":32,"column":6},"end":{"line":32,"column":null}},"9":{"start":{"line":37,"column":36},"end":{"line":46,"column":null}},"10":{"start":{"line":48,"column":6},"end":{"line":82,"column":null}},"11":{"start":{"line":53,"column":6},"end":{"line":53,"column":null}},"12":{"start":{"line":56,"column":6},"end":{"line":56,"column":null}},"13":{"start":{"line":59,"column":6},"end":{"line":59,"column":null}},"14":{"start":{"line":62,"column":6},"end":{"line":62,"column":null}},"15":{"start":{"line":63,"column":6},"end":{"line":63,"column":null}},"16":{"start":{"line":64,"column":6},"end":{"line":64,"column":null}},"17":{"start":{"line":68,"column":4},"end":{"line":80,"column":null}},"18":{"start":{"line":70,"column":8},"end":{"line":70,"column":null}},"19":{"start":{"line":71,"column":8},"end":{"line":71,"column":null}},"20":{"start":{"line":74,"column":8},"end":{"line":74,"column":null}},"21":{"start":{"line":75,"column":8},"end":{"line":75,"column":null}},"22":{"start":{"line":78,"column":8},"end":{"line":78,"column":null}},"23":{"start":{"line":79,"column":8},"end":{"line":79,"column":null}},"24":{"start":{"line":84,"column":74},"end":{"line":84,"column":null}},"25":{"start":{"line":24,"column":29},"end":{"line":35,"column":null}},"26":{"start":{"line":48,"column":22},"end":{"line":82,"column":null}}},"fnMap":{"0":{"name":"(anonymous_0)","decl":{"start":{"line":19,"column":14},"end":{"line":19,"column":15}},"loc":{"start":{"line":20,"column":2},"end":{"line":22,"column":null}},"line":20},"1":{"name":"(anonymous_1)","decl":{"start":{"line":20,"column":20},"end":{"line":20,"column":21}},"loc":{"start":{"line":20,"column":33},"end":{"line":22,"column":3}},"line":20},"2":{"name":"(anonymous_2)","decl":{"start":{"line":26,"column":2},"end":{"line":26,"column":9}},"loc":{"start":{"line":26,"column":36},"end":{"line":34,"column":null}},"line":26},"3":{"name":"(anonymous_3)","decl":{"start":{"line":52,"column":4},"end":{"line":52,"column":16}},"loc":{"start":{"line":52,"column":69},"end":{"line":54,"column":null}},"line":52},"4":{"name":"(anonymous_4)","decl":{"start":{"line":55,"column":4},"end":{"line":55,"column":19}},"loc":{"start":{"line":55,"column":57},"end":{"line":57,"column":null}},"line":55},"5":{"name":"(anonymous_5)","decl":{"start":{"line":58,"column":4},"end":{"line":58,"column":16}},"loc":{"start":{"line":58,"column":63},"end":{"line":60,"column":null}},"line":58},"6":{"name":"(anonymous_6)","decl":{"start":{"line":61,"column":4},"end":{"line":61,"column":17}},"loc":{"start":{"line":61,"column":24},"end":{"line":65,"column":null}},"line":61},"7":{"name":"(anonymous_7)","decl":{"start":{"line":67,"column":17},"end":{"line":67,"column":18}},"loc":{"start":{"line":67,"column":30},"end":{"line":81,"column":null}},"line":67},"8":{"name":"(anonymous_8)","decl":{"start":{"line":69,"column":38},"end":{"line":69,"column":39}},"loc":{"start":{"line":69,"column":49},"end":{"line":72,"column":7}},"line":69},"9":{"name":"(anonymous_9)","decl":{"start":{"line":73,"column":40},"end":{"line":73,"column":41}},"loc":{"start":{"line":73,"column":59},"end":{"line":76,"column":7}},"line":73},"10":{"name":"(anonymous_10)","decl":{"start":{"line":77,"column":39},"end":{"line":77,"column":40}},"loc":{"start":{"line":77,"column":58},"end":{"line":80,"column":7}},"line":77}},"branchMap":{"0":{"loc":{"start":{"line":79,"column":22},"end":{"line":79,"column":null}},"type":"binary-expr","locations":[{"start":{"line":79,"column":22},"end":{"line":79,"column":40}},{"start":{"line":79,"column":40},"end":{"line":79,"column":null}}],"line":79}},"s":{"0":12,"1":0,"2":0,"3":3,"4":0,"5":0,"6":0,"7":0,"8":0,"9":12,"10":3,"11":1,"12":1,"13":0,"14":0,"15":0,"16":0,"17":12,"18":0,"19":0,"20":0,"21":0,"22":0,"23":0,"24":12,"25":12,"26":12},"f":{"0":0,"1":0,"2":0,"3":1,"4":1,"5":0,"6":0,"7":12,"8":0,"9":0,"10":0},"b":{"0":[0,0]},"meta":{"lastBranch":1,"lastFunction":11,"lastStatement":25,"seen":{"s:19:14:22:Infinity":0,"f:19:14:19:15":0,"s:20:2:22:Infinity":1,"f:20:20:20:21":1,"s:21:4:21:Infinity":2,"s:24:13:35:Infinity":3,"f:26:2:26:9":2,"s:27:4:33:Infinity":4,"s:28:21:28:Infinity":5,"s:29:6:29:Infinity":6,"s:30:6:30:Infinity":7,"s:32:6:32:Infinity":8,"s:37:36:46:Infinity":9,"s:48:6:82:Infinity":10,"f:52:4:52:16":3,"s:53:6:53:Infinity":11,"f:55:4:55:19":4,"s:56:6:56:Infinity":12,"f:58:4:58:16":5,"s:59:6:59:Infinity":13,"f:61:4:61:17":6,"s:62:6:62:Infinity":14,"s:63:6:63:Infinity":15,"s:64:6:64:Infinity":16,"f:67:17:67:18":7,"s:68:4:80:Infinity":17,"f:69:38:69:39":8,"s:70:8:70:Infinity":18,"s:71:8:71:Infinity":19,"f:73:40:73:41":9,"s:74:8:74:Infinity":20,"s:75:8:75:Infinity":21,"f:77:39:77:40":10,"s:78:8:78:Infinity":22,"s:79:8:79:Infinity":23,"b:79:22:79:40:79:40:79:Infinity":0,"s:84:74:84:Infinity":24}}}
,"C:\\Users\\rodne\\FRONT_END REACT PORTFOLIO WEBSITE\\portfolio\\src\\features\\projects\\selectors.ts": {"path":"C:\\Users\\rodne\\FRONT_END REACT PORTFOLIO WEBSITE\\portfolio\\src\\features\\projects\\selectors.ts","statementMap":{"0":{"start":{"line":6,"column":33},"end":{"line":6,"column":null}},"1":{"start":{"line":6,"column":66},"end":{"line":6,"column":null}},"2":{"start":{"line":9,"column":2},"end":{"line":11,"column":null}},"3":{"start":{"line":10,"column":2},"end":{"line":11,"column":null}},"4":{"start":{"line":11,"column":4},"end":{"line":11,"column":null}},"5":{"start":{"line":11,"column":46},"end":{"line":11,"column":70}},"6":{"start":{"line":13,"column":22},"end":{"line":13,"column":null}},"7":{"start":{"line":13,"column":44},"end":{"line":13,"column":null}},"8":{"start":{"line":15,"column":13},"end":{"line":44,"column":null}},"9":{"start":{"line":18,"column":19},"end":{"line":18,"column":null}},"10":{"start":{"line":20,"column":19},"end":{"line":20,"column":null}},"11":{"start":{"line":22,"column":4},"end":{"line":24,"column":null}},"12":{"start":{"line":23,"column":6},"end":{"line":23,"column":null}},"13":{"start":{"line":23,"column":46},"end":{"line":23,"column":89}},"14":{"start":{"line":26,"column":4},"end":{"line":33,"column":null}},"15":{"start":{"line":27,"column":6},"end":{"line":32,"column":null}},"16":{"start":{"line":28,"column":25},"end":{"line":30,"column":null}},"17":{"start":{"line":31,"column":8},"end":{"line":31,"column":null}},"18":{"start":{"line":35,"column":19},"end":{"line":35,"column":null}},"19":{"start":{"line":36,"column":4},"end":{"line":40,"column":null}},"20":{"start":{"line":37,"column":6},"end":{"line":37,"column":null}},"21":{"start":{"line":37,"column":28},"end":{"line":37,"column":86}},"22":{"start":{"line":39,"column":6},"end":{"line":39,"column":null}},"23":{"start":{"line":39,"column":28},"end":{"line":39,"column":67}},"24":{"start":{"line":42,"column":4},"end":{"line":42,"column":null}}},"fnMap":{"0":{"name":"(anonymous_0)","decl":{"start":{"line":6,"column":33},"end":{"line":6,"column":34}},"loc":{"start":{"line":6,"column":66},"end":{"line":6,"column":null}},"line":6},"1":{"name":"(anonymous_1)","decl":{"start":{"line":9,"column":2},"end":{"line":9,"column":3}},"loc":{"start":{"line":10,"column":2},"end":{"line":11,"column":null}},"line":10},"2":{"name":"(anonymous_2)","decl":{"start":{"line":10,"column":2},"end":{"line":10,"column":3}},"loc":{"start":{"line":11,"column":4},"end":{"line":11,"column":null}},"line":11},"3":{"name":"(anonymous_3)","decl":{"start":{"line":11,"column":33},"end":{"line":11,"column":34}},"loc":{"start":{"line":11,"column":46},"end":{"line":11,"column":70}},"line":11},"4":{"name":"(anonymous_4)","decl":{"start":{"line":13,"column":22},"end":{"line":13,"column":23}},"loc":{"start":{"line":13,"column":44},"end":{"line":13,"column":null}},"line":13},"5":{"name":"(anonymous_5)","decl":{"start":{"line":17,"column":2},"end":{"line":17,"column":3}},"loc":{"start":{"line":17,"column":25},"end":{"line":43,"column":null}},"line":17},"6":{"name":"(anonymous_6)","decl":{"start":{"line":23,"column":33},"end":{"line":23,"column":34}},"loc":{"start":{"line":23,"column":46},"end":{"line":23,"column":89}},"line":23},"7":{"name":"(anonymous_7)","decl":{"start":{"line":27,"column":33},"end":{"line":27,"column":34}},"loc":{"start":{"line":27,"column":46},"end":{"line":32,"column":7}},"line":27},"8":{"name":"(anonymous_8)","decl":{"start":{"line":37,"column":18},"end":{"line":37,"column":19}},"loc":{"start":{"line":37,"column":28},"end":{"line":37,"column":86}},"line":37},"9":{"name":"(anonymous_9)","decl":{"start":{"line":39,"column":18},"end":{"line":39,"column":19}},"loc":{"start":{"line":39,"column":28},"end":{"line":39,"column":67}},"line":39}},"branchMap":{"0":{"loc":{"start":{"line":22,"column":4},"end":{"line":24,"column":null}},"type":"if","locations":[{"start":{"line":22,"column":4},"end":{"line":24,"column":null}},{"start":{},"end":{}}],"line":22},"1":{"loc":{"start":{"line":26,"column":4},"end":{"line":33,"column":null}},"type":"if","locations":[{"start":{"line":26,"column":4},"end":{"line":33,"column":null}},{"start":{},"end":{}}],"line":26},"2":{"loc":{"start":{"line":36,"column":4},"end":{"line":40,"column":null}},"type":"if","locations":[{"start":{"line":36,"column":4},"end":{"line":40,"column":null}},{"start":{"line":38,"column":11},"end":{"line":40,"column":null}}],"line":36},"3":{"loc":{"start":{"line":37,"column":28},"end":{"line":37,"column":86}},"type":"binary-expr","locations":[{"start":{"line":37,"column":28},"end":{"line":37,"column":47}},{"start":{"line":37,"column":47},"end":{"line":37,"column":86}}],"line":37}},"s":{"0":2,"1":6,"2":2,"3":0,"4":0,"5":0,"6":2,"7":6,"8":2,"9":4,"10":4,"11":4,"12":2,"13":6,"14":4,"15":1,"16":2,"17":2,"18":4,"19":4,"20":4,"21":4,"22":0,"23":0,"24":4},"f":{"0":6,"1":0,"2":0,"3":0,"4":6,"5":4,"6":6,"7":2,"8":4,"9":0},"b":{"0":[2,2],"1":[1,3],"2":[4,0],"3":[4,0]},"meta":{"lastBranch":4,"lastFunction":10,"lastStatement":25,"seen":{"s:6:33:6:Infinity":0,"f:6:33:6:34":0,"s:6:66:6:Infinity":1,"s:9:2:11:Infinity":2,"f:9:2:9:3":1,"s:10:2:11:Infinity":3,"f:10:2:10:3":2,"s:11:4:11:Infinity":4,"f:11:33:11:34":3,"s:11:46:11:70":5,"s:13:22:13:Infinity":6,"f:13:22:13:23":4,"s:13:44:13:Infinity":7,"s:15:13:44:Infinity":8,"f:17:2:17:3":5,"s:18:19:18:Infinity":9,"s:20:19:20:Infinity":10,"b:22:4:24:Infinity:undefined:undefined:undefined:undefined":0,"s:22:4:24:Infinity":11,"s:23:6:23:Infinity":12,"f:23:33:23:34":6,"s:23:46:23:89":13,"b:26:4:33:Infinity:undefined:undefined:undefined:undefined":1,"s:26:4:33:Infinity":14,"s:27:6:32:Infinity":15,"f:27:33:27:34":7,"s:28:25:30:Infinity":16,"s:31:8:31:Infinity":17,"s:35:19:35:Infinity":18,"b:36:4:40:Infinity:38:11:40:Infinity":2,"s:36:4:40:Infinity":19,"s:37:6:37:Infinity":20,"f:37:18:37:19":8,"s:37:28:37:86":21,"b:37:28:37:47:37:47:37:86":3,"s:39:6:39:Infinity":22,"f:39:18:39:19":9,"s:39:28:39:67":23,"s:42:4:42:Infinity":24}}}
,"C:\\Users\\rodne\\FRONT_END REACT PORTFOLIO WEBSITE\\portfolio\\src\\features\\projects\\components\\FilterPills.tsx": {"path":"C:\\Users\\rodne\\FRONT_END REACT PORTFOLIO WEBSITE\\portfolio\\src\\features\\projects\\components\\FilterPills.tsx","statementMap":{"0":{"start":{"line":15,"column":27},"end":{"line":44,"column":null}},"1":{"start":{"line":16,"column":2},"end":{"line":44,"column":null}},"2":{"start":{"line":18,"column":23},"end":{"line":18,"column":null}},"3":{"start":{"line":20,"column":6},"end":{"line":41,"column":null}},"4":{"start":{"line":25,"column":25},"end":{"line":25,"column":null}},"5":{"start":{"line":36,"column":25},"end":{"line":36,"column":null}},"6":{"start":{"line":21,"column":8},"end":{"line":21,"column":9}}},"fnMap":{"0":{"name":"(anonymous_0)","decl":{"start":{"line":15,"column":27},"end":{"line":15,"column":28}},"loc":{"start":{"line":16,"column":2},"end":{"line":44,"column":null}},"line":16},"1":{"name":"(anonymous_1)","decl":{"start":{"line":17,"column":17},"end":{"line":17,"column":18}},"loc":{"start":{"line":17,"column":29},"end":{"line":43,"column":5}},"line":17},"2":{"name":"(anonymous_2)","decl":{"start":{"line":25,"column":19},"end":{"line":25,"column":25}},"loc":{"start":{"line":25,"column":25},"end":{"line":25,"column":null}},"line":25},"3":{"name":"(anonymous_3)","decl":{"start":{"line":36,"column":19},"end":{"line":36,"column":25}},"loc":{"start":{"line":36,"column":25},"end":{"line":36,"column":null}},"line":36}},"branchMap":{"0":{"loc":{"start":{"line":15,"column":57},"end":{"line":15,"column":74}},"type":"default-arg","locations":[{"start":{"line":15,"column":68},"end":{"line":15,"column":74}}],"line":15},"1":{"loc":{"start":{"line":20,"column":13},"end":{"line":41,"column":null}},"type":"cond-expr","locations":[{"start":{"line":21,"column":8},"end":{"line":30,"column":null}},{"start":{"line":32,"column":8},"end":{"line":41,"column":null}}],"line":20}},"s":{"0":3,"1":18,"2":90,"3":90,"4":0,"5":1,"6":66},"f":{"0":18,"1":90,"2":0,"3":1},"b":{"0":[18],"1":[18,72]},"meta":{"lastBranch":2,"lastFunction":4,"lastStatement":6,"seen":{"s:15:27:44:Infinity":0,"f:15:27:15:28":0,"s:16:2:44:Infinity":1,"b:15:68:15:74":0,"f:17:17:17:18":1,"s:18:23:18:Infinity":2,"s:20:6:41:Infinity":3,"b:21:8:30:Infinity:32:8:41:Infinity":1,"f:25:19:25:25":2,"s:25:25:25:Infinity":4,"f:36:19:36:25":3,"s:36:25:36:Infinity":5}}}
,"C:\\Users\\rodne\\FRONT_END REACT PORTFOLIO WEBSITE\\portfolio\\src\\features\\projects\\components\\ProjectCard.tsx": {"path":"C:\\Users\\rodne\\FRONT_END REACT PORTFOLIO WEBSITE\\portfolio\\src\\features\\projects\\components\\ProjectCard.tsx","statementMap":{"0":{"start":{"line":11,"column":29},"end":{"line":52,"column":null}},"1":{"start":{"line":12,"column":8},"end":{"line":12,"column":null}},"2":{"start":{"line":14,"column":8},"end":{"line":19,"column":null}},"3":{"start":{"line":15,"column":4},"end":{"line":17,"column":null}},"4":{"start":{"line":16,"column":6},"end":{"line":16,"column":null}},"5":{"start":{"line":18,"column":4},"end":{"line":18,"column":null}},"6":{"start":{"line":21,"column":2},"end":{"line":50,"column":null}},"7":{"start":{"line":41,"column":12},"end":{"line":41,"column":null}},"8":{"start":{"line":54,"column":13},"end":{"line":54,"column":null}},"9":{"start":{"line":55,"column":0},"end":{"line":55,"column":null}},"10":{"start":{"line":30,"column":8},"end":{"line":30,"column":9}},"11":{"start":{"line":1,"column":34},"end":{"line":1,"column":null}},"12":{"start":{"line":12,"column":19},"end":{"line":12,"column":null}},"13":{"start":{"line":14,"column":21},"end":{"line":19,"column":null}},"14":{"start":{"line":54,"column":27},"end":{"line":54,"column":null}}},"fnMap":{"0":{"name":"(anonymous_0)","decl":{"start":{"line":11,"column":29},"end":{"line":11,"column":30}},"loc":{"start":{"line":11,"column":82},"end":{"line":52,"column":null}},"line":11},"1":{"name":"(anonymous_1)","decl":{"start":{"line":14,"column":33},"end":{"line":14,"column":39}},"loc":{"start":{"line":14,"column":39},"end":{"line":19,"column":5}},"line":14},"2":{"name":"(anonymous_2)","decl":{"start":{"line":40,"column":33},"end":{"line":40,"column":34}},"loc":{"start":{"line":41,"column":12},"end":{"line":41,"column":null}},"line":41}},"branchMap":{"0":{"loc":{"start":{"line":11,"column":41},"end":{"line":11,"column":58}},"type":"default-arg","locations":[{"start":{"line":11,"column":52},"end":{"line":11,"column":58}}],"line":11},"1":{"loc":{"start":{"line":15,"column":4},"end":{"line":17,"column":null}},"type":"if","locations":[{"start":{"line":15,"column":4},"end":{"line":17,"column":null}},{"start":{},"end":{}}],"line":15}},"s":{"0":3,"1":6,"2":6,"3":0,"4":0,"5":0,"6":11,"7":23,"8":2,"9":3,"10":6,"11":1,"12":11,"13":11,"14":3},"f":{"0":11,"1":0,"2":23},"b":{"0":[11],"1":[0,0]},"meta":{"lastBranch":2,"lastFunction":3,"lastStatement":10,"seen":{"s:11:29:52:Infinity":0,"f:11:29:11:30":0,"b:11:52:11:58":0,"s:12:8:12:Infinity":1,"s:14:8:19:Infinity":2,"f:14:33:14:39":1,"b:15:4:17:Infinity:undefined:undefined:undefined:undefined":1,"s:15:4:17:Infinity":3,"s:16:6:16:Infinity":4,"s:18:4:18:Infinity":5,"s:21:2:50:Infinity":6,"f:40:33:40:34":2,"s:41:12:41:Infinity":7,"s:54:13:54:Infinity":8,"s:55:0:55:Infinity":9}}}
,"C:\\Users\\rodne\\FRONT_END REACT PORTFOLIO WEBSITE\\portfolio\\src\\features\\projects\\components\\ProjectGrid.tsx": {"path":"C:\\Users\\rodne\\FRONT_END REACT PORTFOLIO WEBSITE\\portfolio\\src\\features\\projects\\components\\ProjectGrid.tsx","statementMap":{"0":{"start":{"line":17,"column":22},"end":{"line":26,"column":null}},"1":{"start":{"line":18,"column":2},"end":{"line":25,"column":null}},"2":{"start":{"line":28,"column":27},"end":{"line":69,"column":null}},"3":{"start":{"line":35,"column":36},"end":{"line":35,"column":null}},"4":{"start":{"line":37,"column":2},"end":{"line":41,"column":null}},"5":{"start":{"line":38,"column":4},"end":{"line":38,"column":null}},"6":{"start":{"line":39,"column":18},"end":{"line":39,"column":null}},"7":{"start":{"line":39,"column":35},"end":{"line":39,"column":58}},"8":{"start":{"line":40,"column":4},"end":{"line":40,"column":null}},"9":{"start":{"line":40,"column":17},"end":{"line":40,"column":null}},"10":{"start":{"line":43,"column":2},"end":{"line":45,"column":null}},"11":{"start":{"line":44,"column":4},"end":{"line":44,"column":null}},"12":{"start":{"line":47,"column":2},"end":{"line":56,"column":null}},"13":{"start":{"line":48,"column":4},"end":{"line":54,"column":null}},"14":{"start":{"line":58,"column":2},"end":{"line":60,"column":null}},"15":{"start":{"line":59,"column":4},"end":{"line":59,"column":null}},"16":{"start":{"line":62,"column":2},"end":{"line":67,"column":null}},"17":{"start":{"line":65,"column":8},"end":{"line":65,"column":null}}},"fnMap":{"0":{"name":"(anonymous_0)","decl":{"start":{"line":17,"column":48},"end":{"line":17,"column":49}},"loc":{"start":{"line":18,"column":2},"end":{"line":25,"column":null}},"line":18},"1":{"name":"(anonymous_1)","decl":{"start":{"line":28,"column":27},"end":{"line":28,"column":28}},"loc":{"start":{"line":34,"column":24},"end":{"line":69,"column":null}},"line":34},"2":{"name":"(anonymous_2)","decl":{"start":{"line":37,"column":12},"end":{"line":37,"column":18}},"loc":{"start":{"line":37,"column":18},"end":{"line":41,"column":5}},"line":37},"3":{"name":"(anonymous_3)","decl":{"start":{"line":39,"column":29},"end":{"line":39,"column":35}},"loc":{"start":{"line":39,"column":35},"end":{"line":39,"column":58}},"line":39},"4":{"name":"(anonymous_4)","decl":{"start":{"line":40,"column":11},"end":{"line":40,"column":17}},"loc":{"start":{"line":40,"column":17},"end":{"line":40,"column":null}},"line":40},"5":{"name":"(anonymous_5)","decl":{"start":{"line":64,"column":20},"end":{"line":64,"column":21}},"loc":{"start":{"line":65,"column":8},"end":{"line":65,"column":null}},"line":65}},"branchMap":{"0":{"loc":{"start":{"line":43,"column":2},"end":{"line":45,"column":null}},"type":"if","locations":[{"start":{"line":43,"column":2},"end":{"line":45,"column":null}},{"start":{},"end":{}}],"line":43},"1":{"loc":{"start":{"line":43,"column":6},"end":{"line":43,"column":49}},"type":"binary-expr","locations":[{"start":{"line":43,"column":6},"end":{"line":43,"column":30}},{"start":{"line":43,"column":30},"end":{"line":43,"column":49}}],"line":43},"2":{"loc":{"start":{"line":47,"column":2},"end":{"line":56,"column":null}},"type":"if","locations":[{"start":{"line":47,"column":2},"end":{"line":56,"column":null}},{"start":{},"end":{}}],"line":47},"3":{"loc":{"start":{"line":50,"column":12},"end":{"line":50,"column":45}},"type":"binary-expr","locations":[{"start":{"line":50,"column":12},"end":{"line":50,"column":21}},{"start":{"line":50,"column":21},"end":{"line":50,"column":45}}],"line":50},"4":{"loc":{"start":{"line":58,"column":2},"end":{"line":60,"column":null}},"type":"if","locations":[{"start":{"line":58,"column":2},"end":{"line":60,"column":null}},{"start":{},"end":{}}],"line":58},"5":{"loc":{"start":{"line":63,"column":20},"end":{"line":63,"column":null}},"type":"cond-expr","locations":[{"start":{"line":63,"column":34},"end":{"line":63,"column":64}},{"start":{"line":63,"column":64},"end":{"line":63,"column":null}}],"line":63}},"s":{"0":2,"1":12,"2":2,"3":17,"4":17,"5":6,"6":6,"7":2,"8":6,"9":6,"10":17,"11":0,"12":17,"13":0,"14":17,"15":0,"16":17,"17":35},"f":{"0":12,"1":17,"2":6,"3":2,"4":6,"5":35},"b":{"0":[0,17],"1":[17,17],"2":[0,17],"3":[0,0],"4":[0,17],"5":[10,7]},"meta":{"lastBranch":6,"lastFunction":6,"lastStatement":18,"seen":{"s:17:22:26:Infinity":0,"f:17:48:17:49":0,"s:18:2:25:Infinity":1,"s:28:27:69:Infinity":2,"f:28:27:28:28":1,"s:35:36:35:Infinity":3,"s:37:2:41:Infinity":4,"f:37:12:37:18":2,"s:38:4:38:Infinity":5,"s:39:18:39:Infinity":6,"f:39:29:39:35":3,"s:39:35:39:58":7,"s:40:4:40:Infinity":8,"f:40:11:40:17":4,"s:40:17:40:Infinity":9,"b:43:2:45:Infinity:undefined:undefined:undefined:undefined":0,"s:43:2:45:Infinity":10,"b:43:6:43:30:43:30:43:49":1,"s:44:4:44:Infinity":11,"b:47:2:56:Infinity:undefined:undefined:undefined:undefined":2,"s:47:2:56:Infinity":12,"s:48:4:54:Infinity":13,"b:50:12:50:21:50:21:50:45":3,"b:58:2:60:Infinity:undefined:undefined:undefined:undefined":4,"s:58:2:60:Infinity":14,"s:59:4:59:Infinity":15,"s:62:2:67:Infinity":16,"b:63:34:63:64:63:64:63:Infinity":5,"f:64:20:64:21":5,"s:65:8:65:Infinity":17}}}
,"C:\\Users\\rodne\\FRONT_END REACT PORTFOLIO WEBSITE\\portfolio\\src\\features\\projects\\components\\ProjectsHero.tsx": {"path":"C:\\Users\\rodne\\FRONT_END REACT PORTFOLIO WEBSITE\\portfolio\\src\\features\\projects\\components\\ProjectsHero.tsx","statementMap":{"0":{"start":{"line":7,"column":28},"end":{"line":14,"column":null}},"1":{"start":{"line":8,"column":2},"end":{"line":14,"column":null}}},"fnMap":{"0":{"name":"(anonymous_0)","decl":{"start":{"line":7,"column":28},"end":{"line":7,"column":29}},"loc":{"start":{"line":8,"column":2},"end":{"line":14,"column":null}},"line":8}},"branchMap":{"0":{"loc":{"start":{"line":13,"column":5},"end":{"line":13,"column":null}},"type":"cond-expr","locations":[{"start":{"line":13,"column":15},"end":{"line":13,"column":65}},{"start":{"line":13,"column":65},"end":{"line":13,"column":null}}],"line":13}},"s":{"0":2,"1":13},"f":{"0":13},"b":{"0":[13,0]},"meta":{"lastBranch":1,"lastFunction":1,"lastStatement":2,"seen":{"s:7:28:14:Infinity":0,"f:7:28:7:29":0,"s:8:2:14:Infinity":1,"b:13:15:13:65:13:65:13:Infinity":0}}}
,"C:\\Users\\rodne\\FRONT_END REACT PORTFOLIO WEBSITE\\portfolio\\src\\features\\projects\\components\\SearchBar.tsx": {"path":"C:\\Users\\rodne\\FRONT_END REACT PORTFOLIO WEBSITE\\portfolio\\src\\features\\projects\\components\\SearchBar.tsx","statementMap":{"0":{"start":{"line":8,"column":25},"end":{"line":23,"column":null}},"1":{"start":{"line":14,"column":2},"end":{"line":23,"column":null}},"2":{"start":{"line":19,"column":27},"end":{"line":19,"column":null}},"3":{"start":{"line":15,"column":4},"end":{"line":15,"column":5}}},"fnMap":{"0":{"name":"(anonymous_0)","decl":{"start":{"line":8,"column":25},"end":{"line":8,"column":26}},"loc":{"start":{"line":14,"column":2},"end":{"line":23,"column":null}},"line":14},"1":{"name":"(anonymous_1)","decl":{"start":{"line":19,"column":16},"end":{"line":19,"column":17}},"loc":{"start":{"line":19,"column":27},"end":{"line":19,"column":null}},"line":19}},"branchMap":{"0":{"loc":{"start":{"line":11,"column":2},"end":{"line":11,"column":null}},"type":"default-arg","locations":[{"start":{"line":11,"column":16},"end":{"line":11,"column":null}}],"line":11},"1":{"loc":{"start":{"line":12,"column":2},"end":{"line":12,"column":null}},"type":"default-arg","locations":[{"start":{"line":12,"column":13},"end":{"line":12,"column":null}}],"line":12}},"s":{"0":3,"1":17,"2":5,"3":14},"f":{"0":17,"1":5},"b":{"0":[17],"1":[17]},"meta":{"lastBranch":2,"lastFunction":2,"lastStatement":3,"seen":{"s:8:25:23:Infinity":0,"f:8:25:8:26":0,"s:14:2:23:Infinity":1,"b:11:16:11:Infinity":0,"b:12:13:12:Infinity":1,"f:19:16:19:17":1,"s:19:27:19:Infinity":2}}}
,"C:\\Users\\rodne\\FRONT_END REACT PORTFOLIO WEBSITE\\portfolio\\src\\features\\projects\\components\\SortControl.tsx": {"path":"C:\\Users\\rodne\\FRONT_END REACT PORTFOLIO WEBSITE\\portfolio\\src\\features\\projects\\components\\SortControl.tsx","statementMap":{"0":{"start":{"line":15,"column":37},"end":{"line":18,"column":null}},"1":{"start":{"line":20,"column":27},"end":{"line":39,"column":null}},"2":{"start":{"line":26,"column":2},"end":{"line":39,"column":null}},"3":{"start":{"line":30,"column":27},"end":{"line":30,"column":null}},"4":{"start":{"line":34,"column":8},"end":{"line":36,"column":null}},"5":{"start":{"line":27,"column":4},"end":{"line":27,"column":5}}},"fnMap":{"0":{"name":"(anonymous_0)","decl":{"start":{"line":20,"column":27},"end":{"line":20,"column":28}},"loc":{"start":{"line":26,"column":2},"end":{"line":39,"column":null}},"line":26},"1":{"name":"(anonymous_1)","decl":{"start":{"line":30,"column":16},"end":{"line":30,"column":17}},"loc":{"start":{"line":30,"column":27},"end":{"line":30,"column":null}},"line":30},"2":{"name":"(anonymous_2)","decl":{"start":{"line":33,"column":19},"end":{"line":33,"column":20}},"loc":{"start":{"line":34,"column":8},"end":{"line":36,"column":null}},"line":34}},"branchMap":{"0":{"loc":{"start":{"line":23,"column":2},"end":{"line":23,"column":null}},"type":"default-arg","locations":[{"start":{"line":23,"column":12},"end":{"line":23,"column":null}}],"line":23},"1":{"loc":{"start":{"line":24,"column":2},"end":{"line":24,"column":null}},"type":"default-arg","locations":[{"start":{"line":24,"column":13},"end":{"line":24,"column":null}}],"line":24}},"s":{"0":3,"1":3,"2":17,"3":0,"4":34,"5":14},"f":{"0":17,"1":0,"2":34},"b":{"0":[17],"1":[17]},"meta":{"lastBranch":2,"lastFunction":3,"lastStatement":5,"seen":{"s:15:37:18:Infinity":0,"s:20:27:39:Infinity":1,"f:20:27:20:28":0,"s:26:2:39:Infinity":2,"b:23:12:23:Infinity":0,"b:24:13:24:Infinity":1,"f:30:16:30:17":1,"s:30:27:30:Infinity":3,"f:33:19:33:20":2,"s:34:8:36:Infinity":4}}}
,"C:\\Users\\rodne\\FRONT_END REACT PORTFOLIO WEBSITE\\portfolio\\src\\features\\projects\\pages\\ProjectsPage.tsx": {"path":"C:\\Users\\rodne\\FRONT_END REACT PORTFOLIO WEBSITE\\portfolio\\src\\features\\projects\\pages\\ProjectsPage.tsx","statementMap":{"0":{"start":{"line":14,"column":38},"end":{"line":20,"column":null}},"1":{"start":{"line":22,"column":21},"end":{"line":107,"column":null}},"2":{"start":{"line":23,"column":8},"end":{"line":23,"column":null}},"3":{"start":{"line":24,"column":8},"end":{"line":24,"column":null}},"4":{"start":{"line":24,"column":43},"end":{"line":24,"column":64}},"5":{"start":{"line":25,"column":8},"end":{"line":25,"column":null}},"6":{"start":{"line":25,"column":42},"end":{"line":25,"column":62}},"7":{"start":{"line":26,"column":8},"end":{"line":26,"column":null}},"8":{"start":{"line":26,"column":48},"end":{"line":26,"column":82}},"9":{"start":{"line":27,"column":8},"end":{"line":27,"column":null}},"10":{"start":{"line":27,"column":51},"end":{"line":27,"column":88}},"11":{"start":{"line":28,"column":8},"end":{"line":28,"column":null}},"12":{"start":{"line":28,"column":45},"end":{"line":28,"column":76}},"13":{"start":{"line":29,"column":8},"end":{"line":29,"column":null}},"14":{"start":{"line":30,"column":36},"end":{"line":30,"column":null}},"15":{"start":{"line":31,"column":38},"end":{"line":31,"column":null}},"16":{"start":{"line":33,"column":2},"end":{"line":37,"column":null}},"17":{"start":{"line":34,"column":4},"end":{"line":36,"column":null}},"18":{"start":{"line":35,"column":6},"end":{"line":35,"column":null}},"19":{"start":{"line":39,"column":2},"end":{"line":41,"column":null}},"20":{"start":{"line":40,"column":4},"end":{"line":40,"column":null}},"21":{"start":{"line":43,"column":2},"end":{"line":45,"column":null}},"22":{"start":{"line":44,"column":4},"end":{"line":44,"column":null}},"23":{"start":{"line":44,"column":30},"end":{"line":44,"column":38}},"24":{"start":{"line":47,"column":2},"end":{"line":55,"column":null}},"25":{"start":{"line":48,"column":18},"end":{"line":52,"column":null}},"26":{"start":{"line":49,"column":6},"end":{"line":51,"column":null}},"27":{"start":{"line":50,"column":8},"end":{"line":50,"column":null}},"28":{"start":{"line":54,"column":4},"end":{"line":54,"column":null}},"29":{"start":{"line":54,"column":17},"end":{"line":54,"column":null}},"30":{"start":{"line":57,"column":8},"end":{"line":59,"column":null}},"31":{"start":{"line":58,"column":4},"end":{"line":58,"column":null}},"32":{"start":{"line":61,"column":8},"end":{"line":66,"column":null}},"33":{"start":{"line":63,"column":6},"end":{"line":63,"column":null}},"34":{"start":{"line":68,"column":8},"end":{"line":73,"column":null}},"35":{"start":{"line":70,"column":6},"end":{"line":70,"column":null}},"36":{"start":{"line":75,"column":8},"end":{"line":77,"column":null}},"37":{"start":{"line":76,"column":4},"end":{"line":76,"column":null}},"38":{"start":{"line":79,"column":2},"end":{"line":105,"column":null}}},"fnMap":{"0":{"name":"(anonymous_0)","decl":{"start":{"line":22,"column":21},"end":{"line":22,"column":27}},"loc":{"start":{"line":22,"column":27},"end":{"line":107,"column":null}},"line":22},"1":{"name":"(anonymous_1)","decl":{"start":{"line":24,"column":32},"end":{"line":24,"column":33}},"loc":{"start":{"line":24,"column":43},"end":{"line":24,"column":64}},"line":24},"2":{"name":"(anonymous_2)","decl":{"start":{"line":25,"column":31},"end":{"line":25,"column":32}},"loc":{"start":{"line":25,"column":42},"end":{"line":25,"column":62}},"line":25},"3":{"name":"(anonymous_3)","decl":{"start":{"line":26,"column":37},"end":{"line":26,"column":38}},"loc":{"start":{"line":26,"column":48},"end":{"line":26,"column":82}},"line":26},"4":{"name":"(anonymous_4)","decl":{"start":{"line":27,"column":40},"end":{"line":27,"column":41}},"loc":{"start":{"line":27,"column":51},"end":{"line":27,"column":88}},"line":27},"5":{"name":"(anonymous_5)","decl":{"start":{"line":28,"column":34},"end":{"line":28,"column":35}},"loc":{"start":{"line":28,"column":45},"end":{"line":28,"column":76}},"line":28},"6":{"name":"(anonymous_6)","decl":{"start":{"line":33,"column":12},"end":{"line":33,"column":18}},"loc":{"start":{"line":33,"column":18},"end":{"line":37,"column":5}},"line":33},"7":{"name":"(anonymous_7)","decl":{"start":{"line":39,"column":12},"end":{"line":39,"column":18}},"loc":{"start":{"line":39,"column":18},"end":{"line":41,"column":5}},"line":39},"8":{"name":"(anonymous_8)","decl":{"start":{"line":43,"column":12},"end":{"line":43,"column":18}},"loc":{"start":{"line":43,"column":18},"end":{"line":45,"column":5}},"line":43},"9":{"name":"(anonymous_9)","decl":{"start":{"line":44,"column":20},"end":{"line":44,"column":21}},"loc":{"start":{"line":44,"column":30},"end":{"line":44,"column":38}},"line":44},"10":{"name":"(anonymous_10)","decl":{"start":{"line":47,"column":12},"end":{"line":47,"column":18}},"loc":{"start":{"line":47,"column":18},"end":{"line":55,"column":5}},"line":47},"11":{"name":"(anonymous_11)","decl":{"start":{"line":48,"column":29},"end":{"line":48,"column":35}},"loc":{"start":{"line":48,"column":35},"end":{"line":52,"column":7}},"line":48},"12":{"name":"(anonymous_12)","decl":{"start":{"line":54,"column":11},"end":{"line":54,"column":17}},"loc":{"start":{"line":54,"column":17},"end":{"line":54,"column":null}},"line":54},"13":{"name":"(anonymous_13)","decl":{"start":{"line":57,"column":41},"end":{"line":57,"column":42}},"loc":{"start":{"line":57,"column":60},"end":{"line":59,"column":5}},"line":57},"14":{"name":"(anonymous_14)","decl":{"start":{"line":62,"column":4},"end":{"line":62,"column":5}},"loc":{"start":{"line":62,"column":38},"end":{"line":64,"column":null}},"line":62},"15":{"name":"(anonymous_15)","decl":{"start":{"line":69,"column":4},"end":{"line":69,"column":5}},"loc":{"start":{"line":69,"column":32},"end":{"line":71,"column":null}},"line":69},"16":{"name":"(anonymous_16)","decl":{"start":{"line":75,"column":34},"end":{"line":75,"column":40}},"loc":{"start":{"line":75,"column":40},"end":{"line":77,"column":5}},"line":75}},"branchMap":{"0":{"loc":{"start":{"line":34,"column":4},"end":{"line":36,"column":null}},"type":"if","locations":[{"start":{"line":34,"column":4},"end":{"line":36,"column":null}},{"start":{},"end":{}}],"line":34},"1":{"loc":{"start":{"line":49,"column":6},"end":{"line":51,"column":null}},"type":"if","locations":[{"start":{"line":49,"column":6},"end":{"line":51,"column":null}},{"start":{},"end":{}}],"line":49}},"s":{"0":2,"1":2,"2":13,"3":13,"4":17,"5":13,"6":17,"7":13,"8":17,"9":13,"10":17,"11":13,"12":17,"13":13,"14":13,"15":13,"16":13,"17":2,"18":0,"19":13,"20":3,"21":13,"22":4,"23":4,"24":13,"25":8,"26":2,"27":1,"28":8,"29":8,"30":13,"31":5,"32":13,"33":1,"34":13,"35":0,"36":13,"37":0,"38":13},"f":{"0":13,"1":17,"2":17,"3":17,"4":17,"5":17,"6":2,"7":3,"8":4,"9":4,"10":8,"11":2,"12":8,"13":5,"14":1,"15":0,"16":0},"b":{"0":[0,2],"1":[1,1]},"meta":{"lastBranch":2,"lastFunction":17,"lastStatement":39,"seen":{"s:14:38:20:Infinity":0,"s:22:21:107:Infinity":1,"f:22:21:22:27":0,"s:23:8:23:Infinity":2,"s:24:8:24:Infinity":3,"f:24:32:24:33":1,"s:24:43:24:64":4,"s:25:8:25:Infinity":5,"f:25:31:25:32":2,"s:25:42:25:62":6,"s:26:8:26:Infinity":7,"f:26:37:26:38":3,"s:26:48:26:82":8,"s:27:8:27:Infinity":9,"f:27:40:27:41":4,"s:27:51:27:88":10,"s:28:8:28:Infinity":11,"f:28:34:28:35":5,"s:28:45:28:76":12,"s:29:8:29:Infinity":13,"s:30:36:30:Infinity":14,"s:31:38:31:Infinity":15,"s:33:2:37:Infinity":16,"f:33:12:33:18":6,"b:34:4:36:Infinity:undefined:undefined:undefined:undefined":0,"s:34:4:36:Infinity":17,"s:35:6:35:Infinity":18,"s:39:2:41:Infinity":19,"f:39:12:39:18":7,"s:40:4:40:Infinity":20,"s:43:2:45:Infinity":21,"f:43:12:43:18":8,"s:44:4:44:Infinity":22,"f:44:20:44:21":9,"s:44:30:44:38":23,"s:47:2:55:Infinity":24,"f:47:12:47:18":10,"s:48:18:52:Infinity":25,"f:48:29:48:35":11,"b:49:6:51:Infinity:undefined:undefined:undefined:undefined":1,"s:49:6:51:Infinity":26,"s:50:8:50:Infinity":27,"s:54:4:54:Infinity":28,"f:54:11:54:17":12,"s:54:17:54:Infinity":29,"s:57:8:59:Infinity":30,"f:57:41:57:42":13,"s:58:4:58:Infinity":31,"s:61:8:66:Infinity":32,"f:62:4:62:5":14,"s:63:6:63:Infinity":33,"s:68:8:73:Infinity":34,"f:69:4:69:5":15,"s:70:6:70:Infinity":35,"s:75:8:77:Infinity":36,"f:75:34:75:40":16,"s:76:4:76:Infinity":37,"s:79:2:105:Infinity":38}}}
,"C:\\Users\\rodne\\FRONT_END REACT PORTFOLIO WEBSITE\\portfolio\\src\\features\\ui\\uiSlice.ts": {"path":"C:\\Users\\rodne\\FRONT_END REACT PORTFOLIO WEBSITE\\portfolio\\src\\features\\ui\\uiSlice.ts","statementMap":{"0":{"start":{"line":11,"column":20},"end":{"line":11,"column":null}},"1":{"start":{"line":13,"column":19},"end":{"line":22,"column":null}},"2":{"start":{"line":14,"column":2},"end":{"line":16,"column":null}},"3":{"start":{"line":15,"column":4},"end":{"line":15,"column":null}},"4":{"start":{"line":17,"column":2},"end":{"line":21,"column":null}},"5":{"start":{"line":18,"column":4},"end":{"line":18,"column":null}},"6":{"start":{"line":20,"column":4},"end":{"line":20,"column":null}},"7":{"start":{"line":24,"column":24},"end":{"line":36,"column":null}},"8":{"start":{"line":25,"column":18},"end":{"line":25,"column":null}},"9":{"start":{"line":26,"column":2},"end":{"line":28,"column":null}},"10":{"start":{"line":27,"column":4},"end":{"line":27,"column":null}},"11":{"start":{"line":30,"column":17},"end":{"line":30,"column":null}},"12":{"start":{"line":31,"column":2},"end":{"line":33,"column":null}},"13":{"start":{"line":32,"column":4},"end":{"line":32,"column":null}},"14":{"start":{"line":35,"column":2},"end":{"line":35,"column":null}},"15":{"start":{"line":38,"column":21},"end":{"line":45,"column":null}},"16":{"start":{"line":39,"column":18},"end":{"line":39,"column":null}},"17":{"start":{"line":40,"column":2},"end":{"line":42,"column":null}},"18":{"start":{"line":41,"column":4},"end":{"line":41,"column":null}},"19":{"start":{"line":44,"column":2},"end":{"line":44,"column":null}},"20":{"start":{"line":47,"column":30},"end":{"line":49,"column":null}},"21":{"start":{"line":51,"column":6},"end":{"line":64,"column":null}},"22":{"start":{"line":56,"column":6},"end":{"line":56,"column":null}},"23":{"start":{"line":57,"column":6},"end":{"line":57,"column":null}},"24":{"start":{"line":60,"column":6},"end":{"line":60,"column":null}},"25":{"start":{"line":61,"column":6},"end":{"line":61,"column":null}},"26":{"start":{"line":66,"column":41},"end":{"line":66,"column":null}},"27":{"start":{"line":51,"column":16},"end":{"line":64,"column":null}}},"fnMap":{"0":{"name":"(anonymous_0)","decl":{"start":{"line":13,"column":19},"end":{"line":13,"column":41}},"loc":{"start":{"line":13,"column":41},"end":{"line":22,"column":null}},"line":13},"1":{"name":"(anonymous_1)","decl":{"start":{"line":24,"column":24},"end":{"line":24,"column":48}},"loc":{"start":{"line":24,"column":48},"end":{"line":36,"column":null}},"line":24},"2":{"name":"(anonymous_2)","decl":{"start":{"line":38,"column":21},"end":{"line":38,"column":22}},"loc":{"start":{"line":38,"column":47},"end":{"line":45,"column":null}},"line":38},"3":{"name":"(anonymous_3)","decl":{"start":{"line":55,"column":4},"end":{"line":55,"column":16}},"loc":{"start":{"line":55,"column":23},"end":{"line":58,"column":null}},"line":55},"4":{"name":"(anonymous_4)","decl":{"start":{"line":59,"column":4},"end":{"line":59,"column":13}},"loc":{"start":{"line":59,"column":54},"end":{"line":62,"column":null}},"line":59}},"branchMap":{"0":{"loc":{"start":{"line":14,"column":2},"end":{"line":16,"column":null}},"type":"if","locations":[{"start":{"line":14,"column":2},"end":{"line":16,"column":null}},{"start":{},"end":{}}],"line":14},"1":{"loc":{"start":{"line":26,"column":2},"end":{"line":28,"column":null}},"type":"if","locations":[{"start":{"line":26,"column":2},"end":{"line":28,"column":null}},{"start":{},"end":{}}],"line":26},"2":{"loc":{"start":{"line":31,"column":2},"end":{"line":33,"column":null}},"type":"if","locations":[{"start":{"line":31,"column":2},"end":{"line":33,"column":null}},{"start":{},"end":{}}],"line":31},"3":{"loc":{"start":{"line":31,"column":6},"end":{"line":31,"column":47}},"type":"binary-expr","locations":[{"start":{"line":31,"column":6},"end":{"line":31,"column":27}},{"start":{"line":31,"column":27},"end":{"line":31,"column":47}}],"line":31},"4":{"loc":{"start":{"line":40,"column":2},"end":{"line":42,"column":null}},"type":"if","locations":[{"start":{"line":40,"column":2},"end":{"line":42,"column":null}},{"start":{},"end":{}}],"line":40},"5":{"loc":{"start":{"line":48,"column":13},"end":{"line":48,"column":null}},"type":"binary-expr","locations":[{"start":{"line":48,"column":13},"end":{"line":48,"column":34}},{"start":{"line":48,"column":34},"end":{"line":48,"column":null}}],"line":48},"6":{"loc":{"start":{"line":56,"column":24},"end":{"line":56,"column":null}},"type":"cond-expr","locations":[{"start":{"line":56,"column":53},"end":{"line":56,"column":63}},{"start":{"line":56,"column":63},"end":{"line":56,"column":null}}],"line":56}},"s":{"0":12,"1":12,"2":12,"3":0,"4":12,"5":12,"6":0,"7":12,"8":12,"9":12,"10":0,"11":12,"12":12,"13":0,"14":12,"15":12,"16":0,"17":0,"18":0,"19":0,"20":12,"21":3,"22":0,"23":0,"24":0,"25":0,"26":12,"27":12},"f":{"0":12,"1":12,"2":0,"3":0,"4":0},"b":{"0":[0,12],"1":[0,12],"2":[0,12],"3":[12,12],"4":[0,0],"5":[12,12],"6":[0,0]},"meta":{"lastBranch":7,"lastFunction":5,"lastStatement":27,"seen":{"s:11:20:11:Infinity":0,"s:13:19:22:Infinity":1,"f:13:19:13:41":0,"b:14:2:16:Infinity:undefined:undefined:undefined:undefined":0,"s:14:2:16:Infinity":2,"s:15:4:15:Infinity":3,"s:17:2:21:Infinity":4,"s:18:4:18:Infinity":5,"s:20:4:20:Infinity":6,"s:24:24:36:Infinity":7,"f:24:24:24:48":1,"s:25:18:25:Infinity":8,"b:26:2:28:Infinity:undefined:undefined:undefined:undefined":1,"s:26:2:28:Infinity":9,"s:27:4:27:Infinity":10,"s:30:17:30:Infinity":11,"b:31:2:33:Infinity:undefined:undefined:undefined:undefined":2,"s:31:2:33:Infinity":12,"b:31:6:31:27:31:27:31:47":3,"s:32:4:32:Infinity":13,"s:35:2:35:Infinity":14,"s:38:21:45:Infinity":15,"f:38:21:38:22":2,"s:39:18:39:Infinity":16,"b:40:2:42:Infinity:undefined:undefined:undefined:undefined":4,"s:40:2:42:Infinity":17,"s:41:4:41:Infinity":18,"s:44:2:44:Infinity":19,"s:47:30:49:Infinity":20,"b:48:13:48:34:48:34:48:Infinity":5,"s:51:6:64:Infinity":21,"f:55:4:55:16":3,"s:56:6:56:Infinity":22,"b:56:53:56:63:56:63:56:Infinity":6,"s:57:6:57:Infinity":23,"f:59:4:59:13":4,"s:60:6:60:Infinity":24,"s:61:6:61:Infinity":25,"s:66:41:66:Infinity":26}}}
,"C:\\Users\\rodne\\FRONT_END REACT PORTFOLIO WEBSITE\\portfolio\\src\\pages\\ContactPage.tsx": {"path":"C:\\Users\\rodne\\FRONT_END REACT PORTFOLIO WEBSITE\\portfolio\\src\\pages\\ContactPage.tsx","statementMap":{"0":{"start":{"line":3,"column":27},"end":{"line":25,"column":null}},"1":{"start":{"line":4,"column":2},"end":{"line":25,"column":null}}},"fnMap":{"0":{"name":"(anonymous_0)","decl":{"start":{"line":3,"column":27},"end":{"line":3,"column":null}},"loc":{"start":{"line":4,"column":2},"end":{"line":25,"column":null}},"line":4}},"branchMap":{},"s":{"0":1,"1":1},"f":{"0":1},"b":{},"meta":{"lastBranch":0,"lastFunction":1,"lastStatement":2,"seen":{"s:3:27:25:Infinity":0,"f:3:27:3:Infinity":0,"s:4:2:25:Infinity":1}}}
,"C:\\Users\\rodne\\FRONT_END REACT PORTFOLIO WEBSITE\\portfolio\\src\\pages\\HomePage.tsx": {"path":"C:\\Users\\rodne\\FRONT_END REACT PORTFOLIO WEBSITE\\portfolio\\src\\pages\\HomePage.tsx","statementMap":{"0":{"start":{"line":3,"column":24},"end":{"line":6,"column":null}},"1":{"start":{"line":4,"column":2},"end":{"line":6,"column":null}}},"fnMap":{"0":{"name":"(anonymous_0)","decl":{"start":{"line":3,"column":24},"end":{"line":3,"column":null}},"loc":{"start":{"line":4,"column":2},"end":{"line":6,"column":null}},"line":4}},"branchMap":{},"s":{"0":1,"1":1},"f":{"0":1},"b":{},"meta":{"lastBranch":0,"lastFunction":1,"lastStatement":2,"seen":{"s:3:24:6:Infinity":0,"f:3:24:3:Infinity":0,"s:4:2:6:Infinity":1}}}
,"C:\\Users\\rodne\\FRONT_END REACT PORTFOLIO WEBSITE\\portfolio\\src\\storybook\\decorators.tsx": {"path":"C:\\Users\\rodne\\FRONT_END REACT PORTFOLIO WEBSITE\\portfolio\\src\\storybook\\decorators.tsx","statementMap":{"0":{"start":{"line":46,"column":9},"end":{"line":46,"column":12}},"1":{"start":{"line":2,"column":38},"end":{"line":2,"column":null}},"2":{"start":{"line":15,"column":20},"end":{"line":19,"column":null}},"3":{"start":{"line":21,"column":25},"end":{"line":25,"column":null}},"4":{"start":{"line":22,"column":2},"end":{"line":25,"column":null}},"5":{"start":{"line":27,"column":18},"end":{"line":47,"column":null}},"6":{"start":{"line":28,"column":23},"end":{"line":28,"column":null}},"7":{"start":{"line":30,"column":2},"end":{"line":44,"column":null}},"8":{"start":{"line":31,"column":4},"end":{"line":34,"column":null}},"9":{"start":{"line":32,"column":6},"end":{"line":32,"column":null}},"10":{"start":{"line":33,"column":6},"end":{"line":33,"column":null}},"11":{"start":{"line":36,"column":24},"end":{"line":39,"column":null}},"12":{"start":{"line":37,"column":20},"end":{"line":37,"column":null}},"13":{"start":{"line":38,"column":6},"end":{"line":38,"column":null}},"14":{"start":{"line":41,"column":4},"end":{"line":41,"column":null}},"15":{"start":{"line":42,"column":24},"end":{"line":42,"column":null}},"16":{"start":{"line":43,"column":4},"end":{"line":43,"column":null}},"17":{"start":{"line":43,"column":17},"end":{"line":43,"column":null}},"18":{"start":{"line":46,"column":2},"end":{"line":46,"column":null}},"19":{"start":{"line":50,"column":2},"end":{"line":62,"column":null}},"20":{"start":{"line":51,"column":2},"end":{"line":62,"column":null}},"21":{"start":{"line":53,"column":7},"end":{"line":54,"column":null}},"22":{"start":{"line":55,"column":18},"end":{"line":55,"column":null}},"23":{"start":{"line":57,"column":4},"end":{"line":60,"column":null}},"24":{"start":{"line":65,"column":2},"end":{"line":75,"column":null}},"25":{"start":{"line":66,"column":2},"end":{"line":75,"column":null}},"26":{"start":{"line":67,"column":28},"end":{"line":67,"column":null}},"27":{"start":{"line":68,"column":18},"end":{"line":68,"column":null}},"28":{"start":{"line":70,"column":4},"end":{"line":73,"column":null}},"29":{"start":{"line":78,"column":2},"end":{"line":88,"column":null}},"30":{"start":{"line":79,"column":2},"end":{"line":88,"column":null}},"31":{"start":{"line":80,"column":28},"end":{"line":80,"column":null}},"32":{"start":{"line":81,"column":22},"end":{"line":81,"column":null}},"33":{"start":{"line":83,"column":4},"end":{"line":86,"column":null}}},"fnMap":{"0":{"name":"(anonymous_0)","decl":{"start":{"line":21,"column":25},"end":{"line":21,"column":26}},"loc":{"start":{"line":22,"column":2},"end":{"line":25,"column":null}},"line":22},"1":{"name":"(anonymous_1)","decl":{"start":{"line":27,"column":18},"end":{"line":27,"column":19}},"loc":{"start":{"line":27,"column":92},"end":{"line":47,"column":null}},"line":27},"2":{"name":"(anonymous_2)","decl":{"start":{"line":30,"column":12},"end":{"line":30,"column":18}},"loc":{"start":{"line":30,"column":18},"end":{"line":44,"column":5}},"line":30},"3":{"name":"(anonymous_3)","decl":{"start":{"line":36,"column":24},"end":{"line":36,"column":30}},"loc":{"start":{"line":36,"column":30},"end":{"line":39,"column":null}},"line":36},"4":{"name":"(anonymous_4)","decl":{"start":{"line":43,"column":11},"end":{"line":43,"column":17}},"loc":{"start":{"line":43,"column":17},"end":{"line":43,"column":null}},"line":43},"5":{"name":"(anonymous_5)","decl":{"start":{"line":50,"column":2},"end":{"line":50,"column":3}},"loc":{"start":{"line":51,"column":2},"end":{"line":62,"column":null}},"line":51},"6":{"name":"(anonymous_6)","decl":{"start":{"line":51,"column":2},"end":{"line":51,"column":3}},"loc":{"start":{"line":51,"column":22},"end":{"line":62,"column":null}},"line":51},"7":{"name":"(anonymous_7)","decl":{"start":{"line":65,"column":2},"end":{"line":65,"column":3}},"loc":{"start":{"line":66,"column":2},"end":{"line":75,"column":null}},"line":66},"8":{"name":"(anonymous_8)","decl":{"start":{"line":66,"column":2},"end":{"line":66,"column":3}},"loc":{"start":{"line":66,"column":22},"end":{"line":75,"column":null}},"line":66},"9":{"name":"(anonymous_9)","decl":{"start":{"line":78,"column":2},"end":{"line":78,"column":3}},"loc":{"start":{"line":79,"column":2},"end":{"line":88,"column":null}},"line":79},"10":{"name":"(anonymous_10)","decl":{"start":{"line":79,"column":2},"end":{"line":79,"column":3}},"loc":{"start":{"line":79,"column":22},"end":{"line":88,"column":null}},"line":79}},"branchMap":{"0":{"loc":{"start":{"line":31,"column":4},"end":{"line":34,"column":null}},"type":"if","locations":[{"start":{"line":31,"column":4},"end":{"line":34,"column":null}},{"start":{},"end":{}}],"line":31},"1":{"loc":{"start":{"line":50,"column":3},"end":{"line":50,"column":null}},"type":"default-arg","locations":[{"start":{"line":50,"column":18},"end":{"line":50,"column":null}}],"line":50},"2":{"loc":{"start":{"line":53,"column":7},"end":{"line":54,"column":null}},"type":"binary-expr","locations":[{"start":{"line":53,"column":7},"end":{"line":53,"column":null}},{"start":{"line":54,"column":7},"end":{"line":54,"column":null}}],"line":53},"3":{"loc":{"start":{"line":55,"column":18},"end":{"line":55,"column":null}},"type":"binary-expr","locations":[{"start":{"line":55,"column":18},"end":{"line":55,"column":37}},{"start":{"line":55,"column":37},"end":{"line":55,"column":null}}],"line":55},"4":{"loc":{"start":{"line":68,"column":35},"end":{"line":68,"column":68}},"type":"binary-expr","locations":[{"start":{"line":68,"column":35},"end":{"line":68,"column":54}},{"start":{"line":68,"column":54},"end":{"line":68,"column":68}}],"line":68},"5":{"loc":{"start":{"line":78,"column":3},"end":{"line":78,"column":null}},"type":"default-arg","locations":[{"start":{"line":78,"column":29},"end":{"line":78,"column":null}}],"line":78},"6":{"loc":{"start":{"line":81,"column":22},"end":{"line":81,"column":null}},"type":"binary-expr","locations":[{"start":{"line":81,"column":22},"end":{"line":81,"column":41}},{"start":{"line":81,"column":41},"end":{"line":81,"column":null}}],"line":81}},"s":{"0":9,"1":9,"2":9,"3":9,"4":34,"5":9,"6":34,"7":34,"8":34,"9":34,"10":34,"11":0,"12":0,"13":0,"14":0,"15":0,"16":0,"17":0,"18":34,"19":9,"20":2,"21":8,"22":8,"23":8,"24":9,"25":9,"26":34,"27":34,"28":34,"29":9,"30":9,"31":34,"32":34,"33":34},"f":{"0":34,"1":34,"2":34,"3":0,"4":0,"5":2,"6":8,"7":9,"8":34,"9":9,"10":34},"b":{"0":[34,0],"1":[2],"2":[8,7],"3":[8,7],"4":[34,32],"5":[9],"6":[34,34]},"meta":{"lastBranch":7,"lastFunction":11,"lastStatement":34,"seen":{"s:46:9:46:12":0,"s:2:38:2:Infinity":1,"s:15:20:19:Infinity":2,"s:21:25:25:Infinity":3,"f:21:25:21:26":0,"s:22:2:25:Infinity":4,"s:27:18:47:Infinity":5,"f:27:18:27:19":1,"s:28:23:28:Infinity":6,"s:30:2:44:Infinity":7,"f:30:12:30:18":2,"b:31:4:34:Infinity:undefined:undefined:undefined:undefined":0,"s:31:4:34:Infinity":8,"s:32:6:32:Infinity":9,"s:33:6:33:Infinity":10,"s:36:24:39:Infinity":11,"f:36:24:36:30":3,"s:37:20:37:Infinity":12,"s:38:6:38:Infinity":13,"s:41:4:41:Infinity":14,"s:42:24:42:Infinity":15,"s:43:4:43:Infinity":16,"f:43:11:43:17":4,"s:43:17:43:Infinity":17,"s:46:2:46:Infinity":18,"s:50:2:62:Infinity":19,"f:50:2:50:3":5,"s:51:2:62:Infinity":20,"b:50:18:50:Infinity":1,"f:51:2:51:3":6,"s:53:7:54:Infinity":21,"b:53:7:53:Infinity:54:7:54:Infinity":2,"s:55:18:55:Infinity":22,"b:55:18:55:37:55:37:55:Infinity":3,"s:57:4:60:Infinity":23,"s:65:2:75:Infinity":24,"f:65:2:65:3":7,"s:66:2:75:Infinity":25,"f:66:2:66:3":8,"s:67:28:67:Infinity":26,"s:68:18:68:Infinity":27,"b:68:35:68:54:68:54:68:68":4,"s:70:4:73:Infinity":28,"s:78:2:88:Infinity":29,"f:78:2:78:3":9,"s:79:2:88:Infinity":30,"b:78:29:78:Infinity":5,"f:79:2:79:3":10,"s:80:28:80:Infinity":31,"s:81:22:81:Infinity":32,"b:81:22:81:41:81:41:81:Infinity":6,"s:83:4:86:Infinity":33}}}
,"C:\\Users\\rodne\\FRONT_END REACT PORTFOLIO WEBSITE\\portfolio\\src\\styles\\globals.css": {"path":"C:\\Users\\rodne\\FRONT_END REACT PORTFOLIO WEBSITE\\portfolio\\src\\styles\\globals.css","statementMap":{},"fnMap":{},"branchMap":{},"s":{},"f":{},"b":{},"meta":{"lastBranch":0,"lastFunction":0,"lastStatement":0,"seen":{}}}
,"C:\\Users\\rodne\\FRONT_END REACT PORTFOLIO WEBSITE\\portfolio\\src\\styles\\tokens.css": {"path":"C:\\Users\\rodne\\FRONT_END REACT PORTFOLIO WEBSITE\\portfolio\\src\\styles\\tokens.css","statementMap":{},"fnMap":{},"branchMap":{},"s":{},"f":{},"b":{},"meta":{"lastBranch":0,"lastFunction":0,"lastStatement":0,"seen":{}}}
,"C:\\Users\\rodne\\FRONT_END REACT PORTFOLIO WEBSITE\\portfolio\\src\\test\\testUtils.tsx": {"path":"C:\\Users\\rodne\\FRONT_END REACT PORTFOLIO WEBSITE\\portfolio\\src\\test\\testUtils.tsx","statementMap":{"0":{"start":{"line":14,"column":6},"end":{"line":18,"column":null}},"1":{"start":{"line":22,"column":26},"end":{"line":26,"column":null}},"2":{"start":{"line":22,"column":27},"end":{"line":26,"column":null}},"3":{"start":{"line":36,"column":35},"end":{"line":52,"column":null}},"4":{"start":{"line":45,"column":18},"end":{"line":48,"column":null}},"5":{"start":{"line":46,"column":4},"end":{"line":48,"column":null}},"6":{"start":{"line":51,"column":2},"end":{"line":51,"column":null}}},"fnMap":{"0":{"name":"(anonymous_0)","decl":{"start":{"line":22,"column":26},"end":{"line":22,"column":27}},"loc":{"start":{"line":22,"column":27},"end":{"line":26,"column":null}},"line":22},"1":{"name":"(anonymous_1)","decl":{"start":{"line":36,"column":35},"end":{"line":36,"column":null}},"loc":{"start":{"line":44,"column":5},"end":{"line":52,"column":null}},"line":44},"2":{"name":"(anonymous_2)","decl":{"start":{"line":45,"column":18},"end":{"line":45,"column":19}},"loc":{"start":{"line":46,"column":4},"end":{"line":48,"column":null}},"line":46}},"branchMap":{"0":{"loc":{"start":{"line":38,"column":2},"end":{"line":43,"column":null}},"type":"default-arg","locations":[{"start":{"line":43,"column":29},"end":{"line":43,"column":null}}],"line":38},"1":{"loc":{"start":{"line":40,"column":4},"end":{"line":40,"column":null}},"type":"default-arg","locations":[{"start":{"line":40,"column":12},"end":{"line":40,"column":null}}],"line":40},"2":{"loc":{"start":{"line":41,"column":4},"end":{"line":41,"column":null}},"type":"default-arg","locations":[{"start":{"line":41,"column":12},"end":{"line":41,"column":null}}],"line":41}},"s":{"0":3,"1":3,"2":3,"3":3,"4":3,"5":3,"6":3},"f":{"0":3,"1":3,"2":3},"b":{"0":[3],"1":[3],"2":[3]},"meta":{"lastBranch":3,"lastFunction":3,"lastStatement":7,"seen":{"s:14:6:18:Infinity":0,"s:22:26:26:Infinity":1,"f:22:26:22:27":0,"s:22:27:26:Infinity":2,"s:36:35:52:Infinity":3,"f:36:35:36:Infinity":1,"b:43:29:43:Infinity":0,"b:40:12:40:Infinity":1,"b:41:12:41:Infinity":2,"s:45:18:48:Infinity":4,"f:45:18:45:19":2,"s:46:4:48:Infinity":5,"s:51:2:51:Infinity":6}}}
}
